This is pdfTeX, Version 3.14159265-2.6-1.40.21 (TeX Live 2020) (preloaded format=pdflatex 2021.1.28)  10 SEP 2021 15:50
entering extended mode
 restricted \write18 enabled.
 file:line:error style messages enabled.
 %&-line parsing enabled.
**/Users/Alex/Desktop/bachelor_thesis_QEC/QEC_Latex/main.tex
(/Users/Alex/Desktop/bachelor_thesis_QEC/QEC_Latex/main.tex
LaTeX2e <2020-10-01> patch level 4
L3 programming layer <2021-01-09> xparse <2020-03-03> (/usr/local/texlive/2020/texmf-dist/tex/latex/base/book.cls
Document Class: book 2020/04/10 v1.4m Standard LaTeX document class
(/usr/local/texlive/2020/texmf-dist/tex/latex/base/bk11.clo
File: bk11.clo 2020/04/10 v1.4m Standard LaTeX file (size option)
)
\c@part=\count177
\c@chapter=\count178
\c@section=\count179
\c@subsection=\count180
\c@subsubsection=\count181
\c@paragraph=\count182
\c@subparagraph=\count183
\c@figure=\count184
\c@table=\count185
\abovecaptionskip=\skip47
\belowcaptionskip=\skip48
\bibindent=\dimen138
) (/usr/local/texlive/2020/texmf-dist/tex/latex/base/inputenc.sty
Package: inputenc 2020/08/01 v1.3d Input encoding file
\inpenc@prehook=\toks15
\inpenc@posthook=\toks16
) (/usr/local/texlive/2020/texmf-dist/tex/latex/type1cm/type1cm.sty
Package: type1cm 2002/09/05 v0.04 BlueSky/Y&Y Type1 CM font definitions (DPC, patched RF)
) (/usr/local/texlive/2020/texmf-dist/tex/latex/setspace/setspace.sty
Package: setspace 2011/12/19 v6.7a set line spacing
) (/usr/local/texlive/2020/texmf-dist/tex/generic/babel/babel.sty
Package: babel 2021/01/26 3.53 The Babel package
 (/usr/local/texlive/2020/texmf-dist/tex/generic/babel/babel.def
File: babel.def 2021/01/26 3.53 Babel common definitions
\babel@savecnt=\count186
\U@D=\dimen139
\l@babelnohyphens=\language86
 (/usr/local/texlive/2020/texmf-dist/tex/generic/babel/txtbabel.def)
\bbl@readstream=\read2
)
\bbl@dirlevel=\count187
 (/usr/local/texlive/2020/texmf-dist/tex/generic/babel-english/english.ldf
Language: english 2017/06/06 v3.3r English support from the babel system
Package babel Info: \l@canadian = using hyphenrules for english
(babel)             (\language0) on input line 102.
Package babel Info: \l@australian = using hyphenrules for ukenglish
(babel)             (\language21) on input line 105.
Package babel Info: \l@newzealand = using hyphenrules for ukenglish
(babel)             (\language21) on input line 108.
)) (/usr/local/texlive/2020/texmf-dist/tex/latex/datetime/datetime.sty
Package: datetime 2015/03/20 v2.60 Date Time Package
 (/usr/local/texlive/2020/texmf-dist/tex/latex/etoolbox/etoolbox.sty
Package: etoolbox 2020/10/05 v2.5k e-TeX tools for LaTeX (JAW)
\etb@tempcnta=\count188
) (/usr/local/texlive/2020/texmf-dist/tex/latex/fmtcount/fmtcount.sty
Package: fmtcount 2020/01/30 v3.07
 (/usr/local/texlive/2020/texmf-dist/tex/latex/base/ifthen.sty
Package: ifthen 2014/09/29 v1.1c Standard LaTeX ifthen package (DPC)
) (/usr/local/texlive/2020/texmf-dist/tex/latex/xkeyval/xkeyval.sty
Package: xkeyval 2020/11/20 v2.8 package option processing (HA)
 (/usr/local/texlive/2020/texmf-dist/tex/generic/xkeyval/xkeyval.tex (/usr/local/texlive/2020/texmf-dist/tex/generic/xkeyval/xkvutils.tex
\XKV@toks=\toks17
\XKV@tempa@toks=\toks18
 (/usr/local/texlive/2020/texmf-dist/tex/generic/xkeyval/keyval.tex))
\XKV@depth=\count189
File: xkeyval.tex 2014/12/03 v2.7a key=value parser (HA)
)) (/usr/local/texlive/2020/texmf-dist/tex/latex/fmtcount/fcprefix.sty
Package: fcprefix 2012/09/28
 (/usr/local/texlive/2020/texmf-dist/tex/latex/fmtcount/fcnumparser.sty
Package: fcnumparser 2017/06/15
\fc@digit@counter=\count190
)) (/usr/local/texlive/2020/texmf-dist/tex/latex/amsmath/amsgen.sty
File: amsgen.sty 1999/11/30 v2.0 generic functions
\@emptytoks=\toks19
\ex@=\dimen140
)
\c@padzeroesN=\count191
\fc@tmpcatcode=\count192
 (/usr/local/texlive/2020/texmf-dist/tex/latex/fmtcount/fc-english.def
File: fc-english.def 2016/01/12
)
\@DT@modctr=\count193
\@ordinalctr=\count194
\@orgargctr=\count195
\@strctr=\count196
\@tmpstrctr=\count197
\@DT@loopN=\count198
\@DT@X=\count199
) (/usr/local/texlive/2020/texmf-dist/tex/latex/datetime/datetime-defaults.sty
Package: datetime-defaults 2013/09/10
)
\@day=\count266
\@month=\count267
\@year=\count268
\c@HOUR=\count269
\c@HOURXII=\count270
\c@MINUTE=\count271
\c@TOHOUR=\count272
\c@TOMINUTE=\count273
\c@SECOND=\count274
\currenthour=\count275
\currentminute=\count276
\currentsecond=\count277
Package datetime Info: No datetime.cfg file found, using default settings on input line 308.
\@dtctr=\count278
\dayofyear=\count279
\dayofweek=\count280
LaTeX Info: Redefining \today on input line 736.
\dt@a=\toks20
\dt@b=\toks21
) (/usr/local/texlive/2020/texmf-dist/tex/latex/biblatex/biblatex.sty
Package: biblatex 2020/12/31 v3.16 programmable bibliographies (PK/MW)
 (/usr/local/texlive/2020/texmf-dist/tex/generic/pdftexcmds/pdftexcmds.sty
Package: pdftexcmds 2020-06-27 v0.33 Utility functions of pdfTeX for LuaTeX (HO)
 (/usr/local/texlive/2020/texmf-dist/tex/generic/infwarerr/infwarerr.sty
Package: infwarerr 2019/12/03 v1.5 Providing info/warning/error messages (HO)
) (/usr/local/texlive/2020/texmf-dist/tex/generic/iftex/iftex.sty
Package: iftex 2020/03/06 v1.0d TeX engine tests
) (/usr/local/texlive/2020/texmf-dist/tex/generic/ltxcmds/ltxcmds.sty
Package: ltxcmds 2020-05-10 v1.25 LaTeX kernel commands for general use (HO)
)
Package pdftexcmds Info: \pdf@primitive is available.
Package pdftexcmds Info: \pdf@ifprimitive is available.
Package pdftexcmds Info: \pdfdraftmode found.
) (/usr/local/texlive/2020/texmf-dist/tex/latex/kvoptions/kvoptions.sty
Package: kvoptions 2020-10-07 v3.14 Key value format for package options (HO)
 (/usr/local/texlive/2020/texmf-dist/tex/generic/kvsetkeys/kvsetkeys.sty
Package: kvsetkeys 2019/12/15 v1.18 Key value parser (HO)
)) (/usr/local/texlive/2020/texmf-dist/tex/latex/logreq/logreq.sty
Package: logreq 2010/08/04 v1.0 xml request logger
\lrq@indent=\count281
 (/usr/local/texlive/2020/texmf-dist/tex/latex/logreq/logreq.def
File: logreq.def 2010/08/04 v1.0 logreq spec v1.0
)) (/usr/local/texlive/2020/texmf-dist/tex/latex/url/url.sty
\Urlmuskip=\muskip16
Package: url 2013/09/16  ver 3.4  Verb mode for urls, etc.
)
\c@tabx@nest=\count282
\c@listtotal=\count283
\c@listcount=\count284
\c@liststart=\count285
\c@liststop=\count286
\c@citecount=\count287
\c@citetotal=\count288
\c@multicitecount=\count289
\c@multicitetotal=\count290
\c@instcount=\count291
\c@maxnames=\count292
\c@minnames=\count293
\c@maxitems=\count294
\c@minitems=\count295
\c@citecounter=\count296
\c@maxcitecounter=\count297
\c@savedcitecounter=\count298
\c@uniquelist=\count299
\c@uniquename=\count300
\c@refsection=\count301
\c@refsegment=\count302
\c@maxextratitle=\count303
\c@maxextratitleyear=\count304
\c@maxextraname=\count305
\c@maxextradate=\count306
\c@maxextraalpha=\count307
\c@abbrvpenalty=\count308
\c@highnamepenalty=\count309
\c@lownamepenalty=\count310
\c@maxparens=\count311
\c@parenlevel=\count312
\blx@tempcnta=\count313
\blx@tempcntb=\count314
\blx@tempcntc=\count315
\blx@maxsection=\count316
\blx@maxsegment@0=\count317
\blx@notetype=\count318
\blx@parenlevel@text=\count319
\blx@parenlevel@foot=\count320
\blx@sectionciteorder@0=\count321
\blx@entrysetcounter=\count322
\blx@biblioinstance=\count323
\labelnumberwidth=\skip49
\labelalphawidth=\skip50
\biblabelsep=\skip51
\bibitemsep=\skip52
\bibnamesep=\skip53
\bibinitsep=\skip54
\bibparsep=\skip55
\bibhang=\skip56
\blx@bcfin=\read3
\blx@bcfout=\write3
\blx@langwohyphens=\language87
\c@mincomprange=\count324
\c@maxcomprange=\count325
\c@mincompwidth=\count326
Package biblatex Info: Trying to load biblatex default data model...
Package biblatex Info: ... file 'blx-dm.def' found.
 (/usr/local/texlive/2020/texmf-dist/tex/latex/biblatex/blx-dm.def
File: blx-dm.def 2020/12/31 v3.16 biblatex localization (PK/MW)
)
Package biblatex Info: Trying to load biblatex custom data model...
Package biblatex Info: ... file 'biblatex-dm.cfg' not found.
\c@afterword=\count327
\c@savedafterword=\count328
\c@annotator=\count329
\c@savedannotator=\count330
\c@author=\count331
\c@savedauthor=\count332
\c@bookauthor=\count333
\c@savedbookauthor=\count334
\c@commentator=\count335
\c@savedcommentator=\count336
\c@editor=\count337
\c@savededitor=\count338
\c@editora=\count339
\c@savededitora=\count340
\c@editorb=\count341
\c@savededitorb=\count342
\c@editorc=\count343
\c@savededitorc=\count344
\c@foreword=\count345
\c@savedforeword=\count346
\c@holder=\count347
\c@savedholder=\count348
\c@introduction=\count349
\c@savedintroduction=\count350
\c@namea=\count351
\c@savednamea=\count352
\c@nameb=\count353
\c@savednameb=\count354
\c@namec=\count355
\c@savednamec=\count356
\c@translator=\count357
\c@savedtranslator=\count358
\c@shortauthor=\count359
\c@savedshortauthor=\count360
\c@shorteditor=\count361
\c@savedshorteditor=\count362
\c@labelname=\count363
\c@savedlabelname=\count364
\c@institution=\count365
\c@savedinstitution=\count366
\c@lista=\count367
\c@savedlista=\count368
\c@listb=\count369
\c@savedlistb=\count370
\c@listc=\count371
\c@savedlistc=\count372
\c@listd=\count373
\c@savedlistd=\count374
\c@liste=\count375
\c@savedliste=\count376
\c@listf=\count377
\c@savedlistf=\count378
\c@location=\count379
\c@savedlocation=\count380
\c@organization=\count381
\c@savedorganization=\count382
\c@origlocation=\count383
\c@savedoriglocation=\count384
\c@origpublisher=\count385
\c@savedorigpublisher=\count386
\c@publisher=\count387
\c@savedpublisher=\count388
\c@language=\count389
\c@savedlanguage=\count390
\c@origlanguage=\count391
\c@savedoriglanguage=\count392
\c@pageref=\count393
\c@savedpageref=\count394
\shorthandwidth=\skip57
\shortjournalwidth=\skip58
\shortserieswidth=\skip59
\shorttitlewidth=\skip60
\shortauthorwidth=\skip61
\shorteditorwidth=\skip62
\locallabelnumberwidth=\skip63
\locallabelalphawidth=\skip64
\localshorthandwidth=\skip65
\localshortjournalwidth=\skip66
\localshortserieswidth=\skip67
\localshorttitlewidth=\skip68
\localshortauthorwidth=\skip69
\localshorteditorwidth=\skip70
Package biblatex Info: Trying to load compatibility code...
Package biblatex Info: ... file 'blx-compat.def' found.
 (/usr/local/texlive/2020/texmf-dist/tex/latex/biblatex/blx-compat.def
File: blx-compat.def 2020/12/31 v3.16 biblatex compatibility (PK/MW)
)
Package biblatex Info: Trying to load BibTeX backend compatibility...
Package biblatex Info: ... file 'blx-bibtex.def' found.
 (/usr/local/texlive/2020/texmf-dist/tex/latex/biblatex/blx-bibtex.def
File: blx-bibtex.def 2020/12/31 v3.16 biblatex compatibility (PK/MW)


Package biblatex Warning: Using fall-back BibTeX(8) backend:
(biblatex)                functionality may be reduced/unavailable.

)
Package biblatex Info: Trying to load generic definitions...
Package biblatex Info: ... file 'biblatex.def' found.
 (/usr/local/texlive/2020/texmf-dist/tex/latex/biblatex/biblatex.def
File: biblatex.def 2020/12/31 v3.16 biblatex compatibility (PK/MW)
\c@textcitecount=\count395
\c@textcitetotal=\count396
\c@textcitemaxnames=\count397
\c@biburlbigbreakpenalty=\count398
\c@biburlbreakpenalty=\count399
\c@biburlnumpenalty=\count400
\c@biburlucpenalty=\count401
\c@biburllcpenalty=\count402
\biburlbigskip=\muskip17
\biburlnumskip=\muskip18
\biburlucskip=\muskip19
\biburllcskip=\muskip20
\c@smartand=\count403
)
Package biblatex Info: Trying to load bibliography style 'numeric'...
Package biblatex Info: ... file 'numeric.bbx' found.
 (/usr/local/texlive/2020/texmf-dist/tex/latex/biblatex/bbx/numeric.bbx
File: numeric.bbx 2020/12/31 v3.16 biblatex bibliography style (PK/MW)
Package biblatex Info: Trying to load bibliography style 'standard'...
Package biblatex Info: ... file 'standard.bbx' found.
 (/usr/local/texlive/2020/texmf-dist/tex/latex/biblatex/bbx/standard.bbx
File: standard.bbx 2020/12/31 v3.16 biblatex bibliography style (PK/MW)
\c@bbx:relatedcount=\count404
\c@bbx:relatedtotal=\count405
))
Package biblatex Info: Trying to load citation style 'numeric'...
Package biblatex Info: ... file 'numeric.cbx' found.
 (/usr/local/texlive/2020/texmf-dist/tex/latex/biblatex/cbx/numeric.cbx
File: numeric.cbx 2020/12/31 v3.16 biblatex citation style (PK/MW)
Package biblatex Info: Redefining '\cite'.
Package biblatex Info: Redefining '\parencite'.
Package biblatex Info: Redefining '\footcite'.
Package biblatex Info: Redefining '\footcitetext'.
Package biblatex Info: Redefining '\smartcite'.
Package biblatex Info: Redefining '\supercite'.
Package biblatex Info: Redefining '\textcite'.
Package biblatex Info: Redefining '\textcites'.
Package biblatex Info: Redefining '\cites'.
Package biblatex Info: Redefining '\parencites'.
Package biblatex Info: Redefining '\smartcites'.
)
Package biblatex Info: Trying to load configuration file...
Package biblatex Info: ... file 'biblatex.cfg' found.
 (/usr/local/texlive/2020/texmf-dist/tex/latex/biblatex/biblatex.cfg
File: biblatex.cfg 
)) (/usr/local/texlive/2020/texmf-dist/tex/latex/hyperref/hyperref.sty
Package: hyperref 2020-05-15 v7.00e Hypertext links for LaTeX
 (/usr/local/texlive/2020/texmf-dist/tex/generic/kvdefinekeys/kvdefinekeys.sty
Package: kvdefinekeys 2019-12-19 v1.6 Define keys (HO)
) (/usr/local/texlive/2020/texmf-dist/tex/generic/pdfescape/pdfescape.sty
Package: pdfescape 2019/12/09 v1.15 Implements pdfTeX's escape features (HO)
) (/usr/local/texlive/2020/texmf-dist/tex/latex/hycolor/hycolor.sty
Package: hycolor 2020-01-27 v1.10 Color options for hyperref/bookmark (HO)
) (/usr/local/texlive/2020/texmf-dist/tex/latex/letltxmacro/letltxmacro.sty
Package: letltxmacro 2019/12/03 v1.6 Let assignment for LaTeX macros (HO)
) (/usr/local/texlive/2020/texmf-dist/tex/latex/auxhook/auxhook.sty
Package: auxhook 2019-12-17 v1.6 Hooks for auxiliary files (HO)
)
\@linkdim=\dimen141
\Hy@linkcounter=\count406
\Hy@pagecounter=\count407
 (/usr/local/texlive/2020/texmf-dist/tex/latex/hyperref/pd1enc.def
File: pd1enc.def 2020-05-15 v7.00e Hyperref: PDFDocEncoding definition (HO)
Now handling font encoding PD1 ...
... no UTF-8 mapping file for font encoding PD1
) (/usr/local/texlive/2020/texmf-dist/tex/generic/intcalc/intcalc.sty
Package: intcalc 2019/12/15 v1.3 Expandable calculations with integers (HO)
) (/usr/local/texlive/2020/texmf-dist/tex/generic/etexcmds/etexcmds.sty
Package: etexcmds 2019/12/15 v1.7 Avoid name clashes with e-TeX commands (HO)
)
\Hy@SavedSpaceFactor=\count408
Package hyperref Info: Option `unicode' set `true' on input line 4338.
 (/usr/local/texlive/2020/texmf-dist/tex/latex/hyperref/puenc.def
File: puenc.def 2020-05-15 v7.00e Hyperref: PDF Unicode definition (HO)
Now handling font encoding PU ...
... no UTF-8 mapping file for font encoding PU
)
Package hyperref Info: Option `plainpages' set `false' on input line 4338.
Package hyperref Info: Option `pdfpagelabels' set `true' on input line 4338.
Package hyperref Info: Option `bookmarks' set `true' on input line 4338.
Package hyperref Info: Option `bookmarksnumbered' set `true' on input line 4338.
Package hyperref Info: Option `bookmarksopen' set `true' on input line 4338.
Package hyperref Info: Option `breaklinks' set `true' on input line 4338.
Package hyperref Info: Option `colorlinks' set `true' on input line 4338.
Package hyperref Info: Option `hyperindex' set `true' on input line 4338.
Package hyperref Info: Option `linktocpage' set `true' on input line 4338.
Package hyperref Info: Option `hyperfigures' set `true' on input line 4338.
Package hyperref Info: Hyper figures ON on input line 4462.
Package hyperref Info: Link nesting OFF on input line 4469.
Package hyperref Info: Hyper index ON on input line 4472.
Package hyperref Info: Plain pages OFF on input line 4479.
Package hyperref Info: Backreferencing OFF on input line 4484.
Package hyperref Info: Implicit mode ON; LaTeX internals redefined.
Package hyperref Info: Bookmarks ON on input line 4717.
\c@Hy@tempcnt=\count409
LaTeX Info: Redefining \url on input line 5076.
\XeTeXLinkMargin=\dimen142
 (/usr/local/texlive/2020/texmf-dist/tex/generic/bitset/bitset.sty
Package: bitset 2019/12/09 v1.3 Handle bit-vector datatype (HO)
 (/usr/local/texlive/2020/texmf-dist/tex/generic/bigintcalc/bigintcalc.sty
Package: bigintcalc 2019/12/15 v1.5 Expandable calculations on big integers (HO)
))
\Fld@menulength=\count410
\Field@Width=\dimen143
\Fld@charsize=\dimen144
Package hyperref Info: Hyper figures ON on input line 6345.
Package hyperref Info: Link nesting OFF on input line 6352.
Package hyperref Info: Hyper index ON on input line 6355.
Package hyperref Info: backreferencing OFF on input line 6362.
Package hyperref Info: Link coloring ON on input line 6365.
Package hyperref Info: Link coloring with OCG OFF on input line 6372.
Package hyperref Info: PDF/A mode OFF on input line 6377.
LaTeX Info: Redefining \ref on input line 6417.
LaTeX Info: Redefining \pageref on input line 6421.
 (/usr/local/texlive/2020/texmf-dist/tex/latex/base/atbegshi-ltx.sty
Package: atbegshi-ltx 2020/08/17 v1.0a Emulation of the original atbegshi package
with kernel methods
)
\Hy@abspage=\count411
\c@Item=\count412
\c@Hfootnote=\count413
)
Package hyperref Info: Driver (autodetected): hpdftex.
 (/usr/local/texlive/2020/texmf-dist/tex/latex/hyperref/hpdftex.def
File: hpdftex.def 2020-05-15 v7.00e Hyperref driver for pdfTeX
 (/usr/local/texlive/2020/texmf-dist/tex/latex/base/atveryend-ltx.sty
Package: atveryend-ltx 2020/08/19 v1.0a Emulation of the original atvery package
with kernel methods
)
\Fld@listcount=\count414
\c@bookmark@seq@number=\count415
 (/usr/local/texlive/2020/texmf-dist/tex/latex/rerunfilecheck/rerunfilecheck.sty
Package: rerunfilecheck 2019/12/05 v1.9 Rerun checks for auxiliary files (HO)
 (/usr/local/texlive/2020/texmf-dist/tex/generic/uniquecounter/uniquecounter.sty
Package: uniquecounter 2019/12/15 v1.4 Provide unlimited unique counter (HO)
)
Package uniquecounter Info: New unique counter `rerunfilecheck' on input line 286.
)
\Hy@SectionHShift=\skip71
) (/usr/local/texlive/2020/texmf-dist/tex/latex/blochsphere/blochsphere.sty
Package: blochsphere 2015/09/15 v1.1 blochsphere drawing package
Package: blochsphere 2015/08/17
 (/usr/local/texlive/2020/texmf-dist/tex/latex/pgf/frontendlayer/tikz.sty (/usr/local/texlive/2020/texmf-dist/tex/latex/pgf/basiclayer/pgf.sty (/usr/local/texlive/2020/texmf-dist/tex/latex/pgf/utilities/pgfrcs.sty (/usr/local/texlive/2020/texmf-dist/tex/generic/pgf/utilities/pgfutil-common.tex
\pgfutil@everybye=\toks22
\pgfutil@tempdima=\dimen145
\pgfutil@tempdimb=\dimen146
 (/usr/local/texlive/2020/texmf-dist/tex/generic/pgf/utilities/pgfutil-common-lists.tex)) (/usr/local/texlive/2020/texmf-dist/tex/generic/pgf/utilities/pgfutil-latex.def
\pgfutil@abb=\box47
) (/usr/local/texlive/2020/texmf-dist/tex/generic/pgf/utilities/pgfrcs.code.tex (/usr/local/texlive/2020/texmf-dist/tex/generic/pgf/pgf.revision.tex)
Package: pgfrcs 2020/12/27 v3.1.8b (3.1.8b)
))
Package: pgf 2020/12/27 v3.1.8b (3.1.8b)
 (/usr/local/texlive/2020/texmf-dist/tex/latex/pgf/basiclayer/pgfcore.sty (/usr/local/texlive/2020/texmf-dist/tex/latex/graphics/graphicx.sty
Package: graphicx 2020/09/09 v1.2b Enhanced LaTeX Graphics (DPC,SPQR)
 (/usr/local/texlive/2020/texmf-dist/tex/latex/graphics/graphics.sty
Package: graphics 2020/08/30 v1.4c Standard LaTeX Graphics (DPC,SPQR)
 (/usr/local/texlive/2020/texmf-dist/tex/latex/graphics/trig.sty
Package: trig 2016/01/03 v1.10 sin cos tan (DPC)
) (/usr/local/texlive/2020/texmf-dist/tex/latex/graphics-cfg/graphics.cfg
File: graphics.cfg 2016/06/04 v1.11 sample graphics configuration
)
Package graphics Info: Driver file: pdftex.def on input line 105.
 (/usr/local/texlive/2020/texmf-dist/tex/latex/graphics-def/pdftex.def
File: pdftex.def 2020/10/05 v1.2a Graphics/color driver for pdftex
))
\Gin@req@height=\dimen147
\Gin@req@width=\dimen148
) (/usr/local/texlive/2020/texmf-dist/tex/latex/pgf/systemlayer/pgfsys.sty (/usr/local/texlive/2020/texmf-dist/tex/generic/pgf/systemlayer/pgfsys.code.tex
Package: pgfsys 2020/12/27 v3.1.8b (3.1.8b)
 (/usr/local/texlive/2020/texmf-dist/tex/generic/pgf/utilities/pgfkeys.code.tex
\pgfkeys@pathtoks=\toks23
\pgfkeys@temptoks=\toks24
 (/usr/local/texlive/2020/texmf-dist/tex/generic/pgf/utilities/pgfkeysfiltered.code.tex
\pgfkeys@tmptoks=\toks25
))
\pgf@x=\dimen149
\pgf@y=\dimen150
\pgf@xa=\dimen151
\pgf@ya=\dimen152
\pgf@xb=\dimen153
\pgf@yb=\dimen154
\pgf@xc=\dimen155
\pgf@yc=\dimen156
\pgf@xd=\dimen157
\pgf@yd=\dimen158
\w@pgf@writea=\write4
\r@pgf@reada=\read4
\c@pgf@counta=\count416
\c@pgf@countb=\count417
\c@pgf@countc=\count418
\c@pgf@countd=\count419
\t@pgf@toka=\toks26
\t@pgf@tokb=\toks27
\t@pgf@tokc=\toks28
\pgf@sys@id@count=\count420
 (/usr/local/texlive/2020/texmf-dist/tex/generic/pgf/systemlayer/pgf.cfg
File: pgf.cfg 2020/12/27 v3.1.8b (3.1.8b)
)
Driver file for pgf: pgfsys-pdftex.def
 (/usr/local/texlive/2020/texmf-dist/tex/generic/pgf/systemlayer/pgfsys-pdftex.def
File: pgfsys-pdftex.def 2020/12/27 v3.1.8b (3.1.8b)
 (/usr/local/texlive/2020/texmf-dist/tex/generic/pgf/systemlayer/pgfsys-common-pdf.def
File: pgfsys-common-pdf.def 2020/12/27 v3.1.8b (3.1.8b)
))) (/usr/local/texlive/2020/texmf-dist/tex/generic/pgf/systemlayer/pgfsyssoftpath.code.tex
File: pgfsyssoftpath.code.tex 2020/12/27 v3.1.8b (3.1.8b)
\pgfsyssoftpath@smallbuffer@items=\count421
\pgfsyssoftpath@bigbuffer@items=\count422
) (/usr/local/texlive/2020/texmf-dist/tex/generic/pgf/systemlayer/pgfsysprotocol.code.tex
File: pgfsysprotocol.code.tex 2020/12/27 v3.1.8b (3.1.8b)
)) (/usr/local/texlive/2020/texmf-dist/tex/latex/xcolor/xcolor.sty
Package: xcolor 2016/05/11 v2.12 LaTeX color extensions (UK)
 (/usr/local/texlive/2020/texmf-dist/tex/latex/graphics-cfg/color.cfg
File: color.cfg 2016/01/02 v1.6 sample color configuration
)
Package xcolor Info: Driver file: pdftex.def on input line 225.
Package xcolor Info: Model `cmy' substituted by `cmy0' on input line 1348.
Package xcolor Info: Model `hsb' substituted by `rgb' on input line 1352.
Package xcolor Info: Model `RGB' extended on input line 1364.
Package xcolor Info: Model `HTML' substituted by `rgb' on input line 1366.
Package xcolor Info: Model `Hsb' substituted by `hsb' on input line 1367.
Package xcolor Info: Model `tHsb' substituted by `hsb' on input line 1368.
Package xcolor Info: Model `HSB' substituted by `hsb' on input line 1369.
Package xcolor Info: Model `Gray' substituted by `gray' on input line 1370.
Package xcolor Info: Model `wave' substituted by `hsb' on input line 1371.
) (/usr/local/texlive/2020/texmf-dist/tex/generic/pgf/basiclayer/pgfcore.code.tex
Package: pgfcore 2020/12/27 v3.1.8b (3.1.8b)
 (/usr/local/texlive/2020/texmf-dist/tex/generic/pgf/math/pgfmath.code.tex (/usr/local/texlive/2020/texmf-dist/tex/generic/pgf/math/pgfmathcalc.code.tex (/usr/local/texlive/2020/texmf-dist/tex/generic/pgf/math/pgfmathutil.code.tex) (/usr/local/texlive/2020/texmf-dist/tex/generic/pgf/math/pgfmathparser.code.tex
\pgfmath@dimen=\dimen159
\pgfmath@count=\count423
\pgfmath@box=\box48
\pgfmath@toks=\toks29
\pgfmath@stack@operand=\toks30
\pgfmath@stack@operation=\toks31
) (/usr/local/texlive/2020/texmf-dist/tex/generic/pgf/math/pgfmathfunctions.code.tex (/usr/local/texlive/2020/texmf-dist/tex/generic/pgf/math/pgfmathfunctions.basic.code.tex) (/usr/local/texlive/2020/texmf-dist/tex/generic/pgf/math/pgfmathfunctions.trigonometric.code.tex) (/usr/local/texlive/2020/texmf-dist/tex/generic/pgf/math/pgfmathfunctions.random.code.tex) (/usr/local/texlive/2020/texmf-dist/tex/generic/pgf/math/pgfmathfunctions.comparison.code.tex) (/usr/local/texlive/2020/texmf-dist/tex/generic/pgf/math/pgfmathfunctions.base.code.tex) (/usr/local/texlive/2020/texmf-dist/tex/generic/pgf/math/pgfmathfunctions.round.code.tex) (/usr/local/texlive/2020/texmf-dist/tex/generic/pgf/math/pgfmathfunctions.misc.code.tex) (/usr/local/texlive/2020/texmf-dist/tex/generic/pgf/math/pgfmathfunctions.integerarithmetics.code.tex))) (/usr/local/texlive/2020/texmf-dist/tex/generic/pgf/math/pgfmathfloat.code.tex
\c@pgfmathroundto@lastzeros=\count424
)) (/usr/local/texlive/2020/texmf-dist/tex/generic/pgf/math/pgfint.code.tex) (/usr/local/texlive/2020/texmf-dist/tex/generic/pgf/basiclayer/pgfcorepoints.code.tex
File: pgfcorepoints.code.tex 2020/12/27 v3.1.8b (3.1.8b)
\pgf@picminx=\dimen160
\pgf@picmaxx=\dimen161
\pgf@picminy=\dimen162
\pgf@picmaxy=\dimen163
\pgf@pathminx=\dimen164
\pgf@pathmaxx=\dimen165
\pgf@pathminy=\dimen166
\pgf@pathmaxy=\dimen167
\pgf@xx=\dimen168
\pgf@xy=\dimen169
\pgf@yx=\dimen170
\pgf@yy=\dimen171
\pgf@zx=\dimen172
\pgf@zy=\dimen173
) (/usr/local/texlive/2020/texmf-dist/tex/generic/pgf/basiclayer/pgfcorepathconstruct.code.tex
File: pgfcorepathconstruct.code.tex 2020/12/27 v3.1.8b (3.1.8b)
\pgf@path@lastx=\dimen174
\pgf@path@lasty=\dimen175
) (/usr/local/texlive/2020/texmf-dist/tex/generic/pgf/basiclayer/pgfcorepathusage.code.tex
File: pgfcorepathusage.code.tex 2020/12/27 v3.1.8b (3.1.8b)
\pgf@shorten@end@additional=\dimen176
\pgf@shorten@start@additional=\dimen177
) (/usr/local/texlive/2020/texmf-dist/tex/generic/pgf/basiclayer/pgfcorescopes.code.tex
File: pgfcorescopes.code.tex 2020/12/27 v3.1.8b (3.1.8b)
\pgfpic=\box49
\pgf@hbox=\box50
\pgf@layerbox@main=\box51
\pgf@picture@serial@count=\count425
) (/usr/local/texlive/2020/texmf-dist/tex/generic/pgf/basiclayer/pgfcoregraphicstate.code.tex
File: pgfcoregraphicstate.code.tex 2020/12/27 v3.1.8b (3.1.8b)
\pgflinewidth=\dimen178
) (/usr/local/texlive/2020/texmf-dist/tex/generic/pgf/basiclayer/pgfcoretransformations.code.tex
File: pgfcoretransformations.code.tex 2020/12/27 v3.1.8b (3.1.8b)
\pgf@pt@x=\dimen179
\pgf@pt@y=\dimen180
\pgf@pt@temp=\dimen181
) (/usr/local/texlive/2020/texmf-dist/tex/generic/pgf/basiclayer/pgfcorequick.code.tex
File: pgfcorequick.code.tex 2020/12/27 v3.1.8b (3.1.8b)
) (/usr/local/texlive/2020/texmf-dist/tex/generic/pgf/basiclayer/pgfcoreobjects.code.tex
File: pgfcoreobjects.code.tex 2020/12/27 v3.1.8b (3.1.8b)
) (/usr/local/texlive/2020/texmf-dist/tex/generic/pgf/basiclayer/pgfcorepathprocessing.code.tex
File: pgfcorepathprocessing.code.tex 2020/12/27 v3.1.8b (3.1.8b)
) (/usr/local/texlive/2020/texmf-dist/tex/generic/pgf/basiclayer/pgfcorearrows.code.tex
File: pgfcorearrows.code.tex 2020/12/27 v3.1.8b (3.1.8b)
\pgfarrowsep=\dimen182
) (/usr/local/texlive/2020/texmf-dist/tex/generic/pgf/basiclayer/pgfcoreshade.code.tex
File: pgfcoreshade.code.tex 2020/12/27 v3.1.8b (3.1.8b)
\pgf@max=\dimen183
\pgf@sys@shading@range@num=\count426
\pgf@shadingcount=\count427
) (/usr/local/texlive/2020/texmf-dist/tex/generic/pgf/basiclayer/pgfcoreimage.code.tex
File: pgfcoreimage.code.tex 2020/12/27 v3.1.8b (3.1.8b)
 (/usr/local/texlive/2020/texmf-dist/tex/generic/pgf/basiclayer/pgfcoreexternal.code.tex
File: pgfcoreexternal.code.tex 2020/12/27 v3.1.8b (3.1.8b)
\pgfexternal@startupbox=\box52
)) (/usr/local/texlive/2020/texmf-dist/tex/generic/pgf/basiclayer/pgfcorelayers.code.tex
File: pgfcorelayers.code.tex 2020/12/27 v3.1.8b (3.1.8b)
) (/usr/local/texlive/2020/texmf-dist/tex/generic/pgf/basiclayer/pgfcoretransparency.code.tex
File: pgfcoretransparency.code.tex 2020/12/27 v3.1.8b (3.1.8b)
) (/usr/local/texlive/2020/texmf-dist/tex/generic/pgf/basiclayer/pgfcorepatterns.code.tex
File: pgfcorepatterns.code.tex 2020/12/27 v3.1.8b (3.1.8b)
) (/usr/local/texlive/2020/texmf-dist/tex/generic/pgf/basiclayer/pgfcorerdf.code.tex
File: pgfcorerdf.code.tex 2020/12/27 v3.1.8b (3.1.8b)
))) (/usr/local/texlive/2020/texmf-dist/tex/generic/pgf/modules/pgfmoduleshapes.code.tex
File: pgfmoduleshapes.code.tex 2020/12/27 v3.1.8b (3.1.8b)
\pgfnodeparttextbox=\box53
) (/usr/local/texlive/2020/texmf-dist/tex/generic/pgf/modules/pgfmoduleplot.code.tex
File: pgfmoduleplot.code.tex 2020/12/27 v3.1.8b (3.1.8b)
) (/usr/local/texlive/2020/texmf-dist/tex/latex/pgf/compatibility/pgfcomp-version-0-65.sty
Package: pgfcomp-version-0-65 2020/12/27 v3.1.8b (3.1.8b)
\pgf@nodesepstart=\dimen184
\pgf@nodesepend=\dimen185
) (/usr/local/texlive/2020/texmf-dist/tex/latex/pgf/compatibility/pgfcomp-version-1-18.sty
Package: pgfcomp-version-1-18 2020/12/27 v3.1.8b (3.1.8b)
)) (/usr/local/texlive/2020/texmf-dist/tex/latex/pgf/utilities/pgffor.sty (/usr/local/texlive/2020/texmf-dist/tex/latex/pgf/utilities/pgfkeys.sty (/usr/local/texlive/2020/texmf-dist/tex/generic/pgf/utilities/pgfkeys.code.tex)) (/usr/local/texlive/2020/texmf-dist/tex/latex/pgf/math/pgfmath.sty (/usr/local/texlive/2020/texmf-dist/tex/generic/pgf/math/pgfmath.code.tex)) (/usr/local/texlive/2020/texmf-dist/tex/generic/pgf/utilities/pgffor.code.tex
Package: pgffor 2020/12/27 v3.1.8b (3.1.8b)
 (/usr/local/texlive/2020/texmf-dist/tex/generic/pgf/math/pgfmath.code.tex)
\pgffor@iter=\dimen186
\pgffor@skip=\dimen187
\pgffor@stack=\toks32
\pgffor@toks=\toks33
)) (/usr/local/texlive/2020/texmf-dist/tex/generic/pgf/frontendlayer/tikz/tikz.code.tex
Package: tikz 2020/12/27 v3.1.8b (3.1.8b)
 (/usr/local/texlive/2020/texmf-dist/tex/generic/pgf/libraries/pgflibraryplothandlers.code.tex
File: pgflibraryplothandlers.code.tex 2020/12/27 v3.1.8b (3.1.8b)
\pgf@plot@mark@count=\count428
\pgfplotmarksize=\dimen188
)
\tikz@lastx=\dimen189
\tikz@lasty=\dimen190
\tikz@lastxsaved=\dimen191
\tikz@lastysaved=\dimen192
\tikz@lastmovetox=\dimen193
\tikz@lastmovetoy=\dimen194
\tikzleveldistance=\dimen195
\tikzsiblingdistance=\dimen196
\tikz@figbox=\box54
\tikz@figbox@bg=\box55
\tikz@tempbox=\box56
\tikz@tempbox@bg=\box57
\tikztreelevel=\count429
\tikznumberofchildren=\count430
\tikznumberofcurrentchild=\count431
\tikz@fig@count=\count432
 (/usr/local/texlive/2020/texmf-dist/tex/generic/pgf/modules/pgfmodulematrix.code.tex
File: pgfmodulematrix.code.tex 2020/12/27 v3.1.8b (3.1.8b)
\pgfmatrixcurrentrow=\count433
\pgfmatrixcurrentcolumn=\count434
\pgf@matrix@numberofcolumns=\count435
)
\tikz@expandcount=\count436
 (/usr/local/texlive/2020/texmf-dist/tex/generic/pgf/frontendlayer/tikz/libraries/tikzlibrarytopaths.code.tex
File: tikzlibrarytopaths.code.tex 2020/12/27 v3.1.8b (3.1.8b)
))) (/usr/local/texlive/2020/texmf-dist/tex/latex/environ/environ.sty
Package: environ 2014/05/04 v0.3 A new way to define environments
 (/usr/local/texlive/2020/texmf-dist/tex/latex/trimspaces/trimspaces.sty
Package: trimspaces 2009/09/17 v1.1 Trim spaces around a token list
)
\@envbody=\toks34
) (/usr/local/texlive/2020/texmf-dist/tex/generic/pgf/frontendlayer/tikz/libraries/tikzlibrarydecorations.pathreplacing.code.tex (/usr/local/texlive/2020/texmf-dist/tex/generic/pgf/frontendlayer/tikz/libraries/tikzlibrarydecorations.code.tex (/usr/local/texlive/2020/texmf-dist/tex/generic/pgf/modules/pgfmoduledecorations.code.tex
\pgfdecoratedcompleteddistance=\dimen197
\pgfdecoratedremainingdistance=\dimen198
\pgfdecoratedinputsegmentcompleteddistance=\dimen199
\pgfdecoratedinputsegmentremainingdistance=\dimen256
\pgf@decorate@distancetomove=\dimen257
\pgf@decorate@repeatstate=\count437
\pgfdecorationsegmentamplitude=\dimen258
\pgfdecorationsegmentlength=\dimen259
)
\tikz@lib@dec@box=\box58
) (/usr/local/texlive/2020/texmf-dist/tex/generic/pgf/libraries/decorations/pgflibrarydecorations.pathreplacing.code.tex)) (/usr/local/texlive/2020/texmf-dist/tex/generic/pgf/frontendlayer/tikz/libraries/tikzlibrarydecorations.markings.code.tex (/usr/local/texlive/2020/texmf-dist/tex/generic/pgf/libraries/decorations/pgflibrarydecorations.markings.code.tex)) (/usr/local/texlive/2020/texmf-dist/tex/generic/pgf/frontendlayer/tikz/libraries/tikzlibrarycalc.code.tex
File: tikzlibrarycalc.code.tex 2020/12/27 v3.1.8b (3.1.8b)
) (/usr/local/texlive/2020/texmf-dist/tex/generic/pgf/frontendlayer/tikz/libraries/tikzlibraryfadings.code.tex
File: tikzlibraryfadings.code.tex 2020/12/27 v3.1.8b (3.1.8b)
 (/usr/local/texlive/2020/texmf-dist/tex/generic/pgf/libraries/pgflibraryfadings.code.tex
File: pgflibraryfadings.code.tex 2020/12/27 v3.1.8b (3.1.8b)
))) (/usr/local/texlive/2020/texmf-dist/tex/latex/circuitikz/circuitikz.sty
Package: circuitikz 2021/01/19{} The CircuiTikz circuit drawing package version 1.3.0
 (/usr/local/texlive/2020/texmf-dist/tex/generic/pgf/libraries/pgflibraryarrows.meta.code.tex
File: pgflibraryarrows.meta.code.tex 2020/12/27 v3.1.8b (3.1.8b)
\pgfarrowinset=\dimen260
\pgfarrowlength=\dimen261
\pgfarrowwidth=\dimen262
\pgfarrowlinewidth=\dimen263
) (/usr/local/texlive/2020/texmf-dist/tex/generic/pgf/frontendlayer/tikz/libraries/tikzlibrarybending.code.tex
File: tikzlibrarybending.code.tex 2020/12/27 v3.1.8b (3.1.8b)
 (/usr/local/texlive/2020/texmf-dist/tex/generic/pgf/modules/pgfmodulebending.code.tex
File: pgfmodulebending.code.tex 2020/12/27 v3.1.8b (3.1.8b)
 (/usr/local/texlive/2020/texmf-dist/tex/generic/pgf/modules/pgfmodulenonlineartransformations.code.tex
File: pgfmodulenonlineartransformations.code.tex 2020/12/27 v3.1.8b (3.1.8b)
\pgftransformnonlinearflatness=\dimen264
) (/usr/local/texlive/2020/texmf-dist/tex/generic/pgf/libraries/pgflibrarycurvilinear.code.tex
File: pgflibrarycurvilinear.code.tex 2020/12/27 v3.1.8b (3.1.8b)
\pgf@curvilinear@time@a=\dimen265
\pgf@curvilinear@length@a=\dimen266
\pgf@curvilinear@length@b=\dimen267
\pgf@curvilinear@length@c=\dimen268
\pgf@curvilinear@length@d=\dimen269
)
\pgf@arrows@the@rigidity=\dimen270
)) (/usr/local/texlive/2020/texmf-dist/tex/generic/pgf/frontendlayer/tikz/libraries/tikzlibraryfpu.code.tex (/usr/local/texlive/2020/texmf-dist/tex/generic/pgf/libraries/pgflibraryfpu.code.tex)) (/usr/local/texlive/2020/texmf-dist/tex/generic/circuitikz/pgfcirc.defines.tex
\pgf@circ@count@a=\count438
\pgf@circ@count@b=\count439
\pgf@circ@count@c=\count440
\pgf@circ@res@up=\dimen271
\pgf@circ@res@down=\dimen272
\pgf@circ@res@zero=\dimen273
\pgf@circ@res@left=\dimen274
\pgf@circ@res@right=\dimen275
\pgf@circ@res@other=\dimen276
\pgf@circ@res@step=\dimen277
\pgf@circ@res@temp=\dimen278
\pgf@circ@Rlen=\dimen279
\pgf@circ@scaled@Rlen=\dimen280
\pgfstartlinewidth=\dimen281
) (/usr/local/texlive/2020/texmf-dist/tex/generic/circuitikz/pgfcircutils.tex) (/usr/local/texlive/2020/texmf-dist/tex/generic/circuitikz/pgfcircpath.tex) (/usr/local/texlive/2020/texmf-dist/tex/generic/circuitikz/pgfcircshapes.tex) (/usr/local/texlive/2020/texmf-dist/tex/generic/circuitikz/pgfcircmonopoles.tex)
(/usr/local/texlive/2020/texmf-dist/tex/generic/circuitikz/pgfcircbipoles.tex) (/usr/local/texlive/2020/texmf-dist/tex/generic/circuitikz/pgfcirctripoles.tex
\pgf@circ@res@count=\count441
) (/usr/local/texlive/2020/texmf-dist/tex/generic/circuitikz/pgfcircquadpoles.tex) (/usr/local/texlive/2020/texmf-dist/tex/generic/circuitikz/pgfcircmultipoles.tex) (/usr/local/texlive/2020/texmf-dist/tex/generic/circuitikz/pgfcirclabel.tex) (/usr/local/texlive/2020/texmf-dist/tex/generic/circuitikz/pgfcircvoltage.tex
\pgfcirc@labelshift=\dimen282
) (/usr/local/texlive/2020/texmf-dist/tex/generic/circuitikz/pgfcirccurrent.tex) (/usr/local/texlive/2020/texmf-dist/tex/generic/circuitikz/pgfcircflow.tex) (/usr/local/texlive/2020/texmf-dist/tex/generic/xstring/xstring.sty (/usr/local/texlive/2020/texmf-dist/tex/generic/xstring/xstring.tex
\integerpart=\count442
\decimalpart=\count443
)
Package: xstring 2019/02/06 v1.83 String manipulations (CT)
) (/usr/local/texlive/2020/texmf-dist/tex/latex/siunitx/siunitx.sty (/usr/local/texlive/2020/texmf-dist/tex/latex/l3kernel/expl3.sty
Package: expl3 2021-01-09 L3 programming layer (loader) 
 (/usr/local/texlive/2020/texmf-dist/tex/latex/l3backend/l3backend-pdftex.def
File: l3backend-pdftex.def 2021-01-09 L3 backend support: PDF output (pdfTeX)
\l__kernel_color_stack_int=\count444
\l__pdf_internal_box=\box59
)) (/usr/local/texlive/2020/texmf-dist/tex/latex/l3packages/xparse/xparse.sty
Package: xparse 2020-10-27 L3 Experimental document command parser
 (/usr/local/texlive/2020/texmf-dist/tex/latex/l3packages/xparse/xparse-generic.tex))
Package: siunitx 2020/02/25 v2.8b A comprehensive (SI) units package
 (/usr/local/texlive/2020/texmf-dist/tex/latex/amsmath/amstext.sty
Package: amstext 2000/06/29 v2.01 AMS text
) (/usr/local/texlive/2020/texmf-dist/tex/latex/tools/array.sty
Package: array 2020/10/01 v2.5c Tabular extension package (FMi)
\col@sep=\dimen283
\ar@mcellbox=\box60
\extrarowheight=\dimen284
\NC@list=\toks35
\extratabsurround=\skip72
\backup@length=\skip73
\ar@cellbox=\box61
) (/usr/local/texlive/2020/texmf-dist/tex/latex/l3packages/l3keys2e/l3keys2e.sty
Package: l3keys2e 2020-10-27 LaTeX2e option processing using LaTeX3 keys
)
\l__siunitx_tmp_box=\box62
\l__siunitx_tmp_dim=\dimen285
\l__siunitx_tmp_int=\count445
\l__siunitx_number_mantissa_length_int=\count446
\l__siunitx_number_uncert_length_int=\count447
\l__siunitx_round_int=\count448
\l__siunitx_process_decimal_int=\count449
\l__siunitx_process_uncertainty_int=\count450
\l__siunitx_process_fixed_int=\count451
\l__siunitx_process_integer_min_int=\count452
\l__siunitx_process_precision_int=\count453
\l__siunitx_group_min_int=\count454
\l__siunitx_angle_marker_box=\box63
\l__siunitx_angle_unit_box=\box64
\l__siunitx_angle_marker_dim=\dimen286
\l__siunitx_angle_unit_dim=\dimen287
\l__siunitx_unit_int=\count455
\l__siunitx_unit_denominator_int=\count456
\l__siunitx_unit_numerator_int=\count457
\l__siunitx_unit_prefix_int=\count458
\l__siunitx_unit_prefix_base_int=\count459
\l__siunitx_unit_prefix_gram_int=\count460
\l__siunitx_number_product_int=\count461
\c__siunitx_one_fill_skip=\skip74
\l__siunitx_table_unit_align_skip=\skip75
\l__siunitx_table_exponent_dim=\dimen288
\l__siunitx_table_integer_dim=\dimen289
\l__siunitx_table_mantissa_dim=\dimen290
\l__siunitx_table_marker_dim=\dimen291
\l__siunitx_table_result_dim=\dimen292
\l__siunitx_table_uncert_dim=\dimen293
\l__siunitx_table_fill_pre_dim=\dimen294
\l__siunitx_table_fill_post_dim=\dimen295
\l__siunitx_table_fill_mid_dim=\dimen296
\l__siunitx_table_pre_box=\box65
\l__siunitx_table_post_box=\box66
\l__siunitx_table_mantissa_box=\box67
\l__siunitx_table_result_box=\box68
\l__siunitx_table_number_align_skip=\skip76
\l__siunitx_table_text_align_skip=\skip77
 (/usr/local/texlive/2020/texmf-dist/tex/latex/translator/translator.sty
Package: translator 2020-08-03 v1.12c Easy translation of strings in LaTeX
)))

Package circuitikz Warning: You did not specify one of the voltage directions:
(circuitikz)                  oldvoltagedirection, nooldvoltagedirection, 
(circuitikz)                  RPvoltages or EFvoltages 
(circuitikz)                Default directions may have changed, 
(circuitikz)                please check the manual.

(/usr/local/texlive/2020/texmf-dist/tex/latex/float/float.sty
Package: float 2001/11/08 v1.3d Float enhancements (AL)
\c@float@type=\count462
\float@exts=\toks36
\float@box=\box69
\@float@everytoks=\toks37
\@floatcapt=\box70
) (/usr/local/texlive/2020/texmf-dist/tex/latex/caption/caption.sty
Package: caption 2020/10/26 v3.5g Customizing captions (AR)
 (/usr/local/texlive/2020/texmf-dist/tex/latex/caption/caption3.sty
Package: caption3 2020/10/21 v2.2e caption3 kernel (AR)
\captionmargin=\dimen297
\captionmargin@=\dimen298
\captionwidth=\dimen299
\caption@tempdima=\dimen300
\caption@indent=\dimen301
\caption@parindent=\dimen302
\caption@hangindent=\dimen303
Package caption Info: Standard document class detected.
)
\c@caption@flags=\count463
\c@continuedfloat=\count464
Package caption Info: float package is loaded.
Package caption Info: hyperref package is loaded.
) (/usr/local/texlive/2020/texmf-dist/tex/latex/caption/subcaption.sty
Package: subcaption 2020/10/07 v1.3j Sub-captions (AR)
\c@subfigure=\count465
\c@subtable=\count466
) (/usr/local/texlive/2020/texmf-dist/tex/latex/listingsutf8/listingsutf8.sty
Package: listingsutf8 2019-12-10 v1.5 Allow UTF-8 in listings input (HO)
 (/usr/local/texlive/2020/texmf-dist/tex/latex/listings/listings.sty
\lst@mode=\count467
\lst@gtempboxa=\box71
\lst@token=\toks38
\lst@length=\count468
\lst@currlwidth=\dimen304
\lst@column=\count469
\lst@pos=\count470
\lst@lostspace=\dimen305
\lst@width=\dimen306
\lst@newlines=\count471
\lst@lineno=\count472
\lst@maxwidth=\dimen307
 (/usr/local/texlive/2020/texmf-dist/tex/latex/listings/lstmisc.sty
File: lstmisc.sty 2020/03/24 1.8d (Carsten Heinz)
\c@lstnumber=\count473
\lst@skipnumbers=\count474
\lst@framebox=\box72
) (/usr/local/texlive/2020/texmf-dist/tex/latex/listings/listings.cfg
File: listings.cfg 2020/03/24 1.8d listings configuration
))
Package: listings 2020/03/24 1.8d (Carsten Heinz)
 (/usr/local/texlive/2020/texmf-dist/tex/generic/stringenc/stringenc.sty
Package: stringenc 2019/11/29 v1.12 Convert strings between diff. encodings (HO)
)) (/usr/local/texlive/2020/texmf-dist/tex/latex/enumitem/enumitem.sty
Package: enumitem 2019/06/20 v3.9 Customized lists
\enitkv@toks@=\toks39
\labelindent=\skip78
\enit@outerparindent=\dimen308
\enit@toks=\toks40
\enit@inbox=\box73
\enit@count@id=\count475
\enitdp@description=\count476
) (/usr/local/texlive/2020/texmf-dist/tex/latex/amsmath/amsmath.sty
Package: amsmath 2020/09/23 v2.17i AMS math features
\@mathmargin=\skip79

For additional information on amsmath, use the `?' option.
(/usr/local/texlive/2020/texmf-dist/tex/latex/amsmath/amsbsy.sty
Package: amsbsy 1999/11/29 v1.2d Bold Symbols
\pmbraise@=\dimen309
) (/usr/local/texlive/2020/texmf-dist/tex/latex/amsmath/amsopn.sty
Package: amsopn 2016/03/08 v2.02 operator names
)
\inf@bad=\count477
LaTeX Info: Redefining \frac on input line 234.
\uproot@=\count478
\leftroot@=\count479
LaTeX Info: Redefining \overline on input line 399.
\classnum@=\count480
\DOTSCASE@=\count481
LaTeX Info: Redefining \ldots on input line 496.
LaTeX Info: Redefining \dots on input line 499.
LaTeX Info: Redefining \cdots on input line 620.
\Mathstrutbox@=\box74
\strutbox@=\box75
\big@size=\dimen310
LaTeX Font Info:    Redeclaring font encoding OML on input line 743.
LaTeX Font Info:    Redeclaring font encoding OMS on input line 744.
\macc@depth=\count482
\c@MaxMatrixCols=\count483
\dotsspace@=\muskip21
\c@parentequation=\count484
\dspbrk@lvl=\count485
\tag@help=\toks41
\row@=\count486
\column@=\count487
\maxfields@=\count488
\andhelp@=\toks42
\eqnshift@=\dimen311
\alignsep@=\dimen312
\tagshift@=\dimen313
\tagwidth@=\dimen314
\totwidth@=\dimen315
\lineht@=\dimen316
\@envbody=\toks43
\multlinegap=\skip80
\multlinetaggap=\skip81
\mathdisplay@stack=\toks44
LaTeX Info: Redefining \[ on input line 2923.
LaTeX Info: Redefining \] on input line 2924.
) (/usr/local/texlive/2020/texmf-dist/tex/latex/scalerel/scalerel.sty
Package: scalerel 2016/12/29 v1.8 Routines for constrained scaling and stretching of objects, relative to a reference object or in absolute terms
 (/usr/local/texlive/2020/texmf-dist/tex/latex/tools/calc.sty
Package: calc 2017/05/25 v4.3 Infix arithmetic (KKT,FJ)
\calc@Acount=\count489
\calc@Bcount=\count490
\calc@Adimen=\dimen317
\calc@Bdimen=\dimen318
\calc@Askip=\skip82
\calc@Bskip=\skip83
LaTeX Info: Redefining \setlength on input line 80.
LaTeX Info: Redefining \addtolength on input line 81.
\calc@Ccount=\count491
\calc@Cskip=\skip84
)
\thesrwidth=\skip85
\thesrheight=\skip86
\srblobheight=\skip87
\srblobdepth=\skip88
\mnxsrwidth=\skip89
\LMex=\skip90
\LMpt=\skip91
) (/usr/local/texlive/2020/texmf-dist/tex/latex/amsfonts/amssymb.sty
Package: amssymb 2013/01/14 v3.01 AMS font symbols
 (/usr/local/texlive/2020/texmf-dist/tex/latex/amsfonts/amsfonts.sty
Package: amsfonts 2013/01/14 v3.01 Basic AMSFonts support
\symAMSa=\mathgroup4
\symAMSb=\mathgroup5
LaTeX Font Info:    Redeclaring math symbol \hbar on input line 98.
LaTeX Font Info:    Overwriting math alphabet `\mathfrak' in version `bold'
(Font)                  U/euf/m/n --> U/euf/b/n on input line 106.
)) (/usr/local/texlive/2020/texmf-dist/tex/latex/amscls/amsthm.sty
Package: amsthm 2020/05/29 v2.20.6
\thm@style=\toks45
\thm@bodyfont=\toks46
\thm@headfont=\toks47
\thm@notefont=\toks48
\thm@headpunct=\toks49
\thm@preskip=\skip92
\thm@postskip=\skip93
\thm@headsep=\skip94
\dth@everypar=\toks50
) (/usr/local/texlive/2020/texmf-dist/tex/latex/cancel/cancel.sty
Package: cancel 2013/04/12 v2.2 Cancel math terms
) (/usr/local/texlive/2020/texmf-dist/tex/latex/braket/braket.sty) (/usr/local/texlive/2020/texmf-dist/tex/latex/breqn/breqn.sty
Package: breqn 2020/09/24 v0.98k Breaking equations
 (/usr/local/texlive/2020/texmf-dist/tex/latex/breqn/flexisym.sty
Package: flexisym 2020/09/24 v0.98k Make math characters macros
LaTeX Info: Redefining \textprime on input line 299.
LaTeX Info: Redefining \not on input line 357.
 (/usr/local/texlive/2020/texmf-dist/tex/latex/breqn/cmbase.sym
File: cmbase.sym 2007/12/19 v0.92
LaTeX Info: Redefining \hbar on input line 324.
LaTeX Info: Redefining \surd on input line 326.
LaTeX Info: Redefining \angle on input line 334.
LaTeX Info: Redefining \neq on input line 335.
LaTeX Info: Redefining \mapsto on input line 336.
LaTeX Info: Redefining \cong on input line 337.
LaTeX Info: Redefining \notin on input line 340.
LaTeX Info: Redefining \rightleftharpoons on input line 341.
LaTeX Info: Redefining \doteq on input line 342.
LaTeX Info: Redefining \hookrightarrow on input line 343.
LaTeX Info: Redefining \hookleftarrow on input line 344.
LaTeX Info: Redefining \bowtie on input line 345.
LaTeX Info: Redefining \models on input line 346.
LaTeX Info: Redefining \Longrightarrow on input line 347.
LaTeX Info: Redefining \longrightarrow on input line 348.
LaTeX Info: Redefining \Longleftarrow on input line 349.
LaTeX Info: Redefining \longleftarrow on input line 350.
LaTeX Info: Redefining \longmapsto on input line 351.
LaTeX Info: Redefining \longleftrightarrow on input line 352.
LaTeX Info: Redefining \Longleftrightarrow on input line 353.
LaTeX Info: Redefining \cdots on input line 357.
LaTeX Info: Redefining \vdots on input line 360.
LaTeX Info: Redefining \ddots on input line 365.
) (/usr/local/texlive/2020/texmf-dist/tex/latex/breqn/mathstyle.sty
Package: mathstyle 2020/09/24 v0.98k Tracking mathstyle implicitly
LaTeX Info: Redefining \displaystyle on input line 95.
LaTeX Info: Redefining \textstyle on input line 97.
LaTeX Info: Redefining \scriptstyle on input line 99.
LaTeX Info: Redefining \scriptscriptstyle on input line 101.
LaTeX Info: Redefining \genfrac on input line 149.
))
\inf@bad=\count492
\maxint=\count493
\listwidth=\dimen319
\eqnumsep=\dimen320
\eqmargin=\dimen321
\eqlinespacing=\skip95
\eqlineskip=\skip96
\eqlineskiplimit=\dimen322
\eqbinoffset=\muskip22
\eqdelimoffset=\muskip23
\eqindentstep=\dimen323
\eqstyle=\toks51
\eqbreakdepth=\count494
\eqinterlinepenalty=\count495
\intereqpenalty=\count496
\intereqskip=\skip97
\prerelpenalty=\count497
\prebinoppenalty=\count498
\Dmedmuskip=\muskip24
\Dthickmuskip=\muskip25
\eqleftskip=\skip98
\eqrightskip=\skip99
\eq@vspan=\skip100
\eq@binoffset=\muskip26
\EQ@box=\box76
\EQ@copy=\box77
\EQ@numbox=\box78
\eq@wdNum=\dimen324
\GRP@numbox=\box79
\grp@wdNum=\dimen325
\eq@lines=\count499
\eq@curline=\count500
\eq@badness=\count501
\EQ@vims=\count502
\eq@dp=\dimen326
\eq@wdL=\dimen327
\eq@wdT=\dimen328
\eq@wdMin=\dimen329
\grp@wdL=\dimen330
\grp@wdR=\dimen331
\grp@wdT=\dimen332
\eq@wdRmax=\dimen333
\eq@firstht=\dimen334
\eq@wdCond=\dimen335
\eq@indentstep=\dimen336
\eq@linewidth=\dimen337
\grp@linewidth=\dimen338
\eq@hshift=\dimen339
\eq@given@sidespace=\dimen340
\mathindent=\dimen341
\eq@final@linecount=\count503
\eq@wdR=\dimen342
\EQ@continue=\toks52
\lr@level=\count504
\GRP@queue=\toks53
\GRP@box=\box80
\GRP@wholebox=\box81
\darraycolsep=\skip101
\cur@row=\count505
\cur@col=\count506
\conditionsep=\skip102
) (/usr/local/texlive/2020/texmf-dist/tex/latex/geometry/geometry.sty
Package: geometry 2020/01/02 v5.9 Page Geometry
 (/usr/local/texlive/2020/texmf-dist/tex/generic/iftex/ifvtex.sty
Package: ifvtex 2019/10/25 v1.7 ifvtex legacy package. Use iftex instead.
)
\Gm@cnth=\count507
\Gm@cntv=\count508
\c@Gm@tempcnt=\count509
\Gm@bindingoffset=\dimen343
\Gm@wd@mp=\dimen344
\Gm@odd@mp=\dimen345
\Gm@even@mp=\dimen346
\Gm@layoutwidth=\dimen347
\Gm@layoutheight=\dimen348
\Gm@layouthoffset=\dimen349
\Gm@layoutvoffset=\dimen350
\Gm@dimlist=\toks54
) (/usr/local/texlive/2020/texmf-dist/tex/latex/wrapfig/wrapfig.sty
\wrapoverhang=\dimen351
\WF@size=\dimen352
\c@WF@wrappedlines=\count510
\WF@box=\box82
\WF@everypar=\toks55
Package: wrapfig 2003/01/31  v 3.6
) (/usr/local/texlive/2020/texmf-dist/tex/latex/quantikz/tikzlibraryquantikz.code.tex (/usr/local/texlive/2020/texmf-dist/tex/latex/xargs/xargs.sty
Package: xargs 2008/03/22 v1.1  extended macro definitions  (mpg)
\xargs@max=\count511
\xargs@toksa=\toks56
\xargs@toksb=\toks57
) (/usr/local/texlive/2020/texmf-dist/tex/latex/mathtools/mathtools.sty
Package: mathtools 2020/03/24 v1.24 mathematical typesetting tools
 (/usr/local/texlive/2020/texmf-dist/tex/latex/mathtools/mhsetup.sty
Package: mhsetup 2017/03/31 v1.3 programming setup (MH)
)
LaTeX Info: Thecontrolsequence`\('isalreadyrobust on input line 130.
LaTeX Info: Thecontrolsequence`\)'isalreadyrobust on input line 130.
LaTeX Info: Thecontrolsequence`\['isalreadyrobust on input line 130.
LaTeX Info: Thecontrolsequence`\]'isalreadyrobust on input line 130.
\g_MT_multlinerow_int=\count512
\l_MT_multwidth_dim=\dimen353
\origjot=\skip103
\l_MT_shortvdotswithinadjustabove_dim=\dimen354
\l_MT_shortvdotswithinadjustbelow_dim=\dimen355
\l_MT_above_intertext_sep=\dimen356
\l_MT_below_intertext_sep=\dimen357
\l_MT_above_shortintertext_sep=\dimen358
\l_MT_below_shortintertext_sep=\dimen359
\xmathstrut@box=\box83
\xmathstrut@dim=\dimen360
) (/usr/local/texlive/2020/texmf-dist/tex/generic/tikz-cd/tikzlibrarycd.code.tex (/usr/local/texlive/2020/texmf-dist/tex/generic/pgf/frontendlayer/tikz/libraries/tikzlibrarymatrix.code.tex
File: tikzlibrarymatrix.code.tex 2020/12/27 v3.1.8b (3.1.8b)
) (/usr/local/texlive/2020/texmf-dist/tex/generic/pgf/frontendlayer/tikz/libraries/tikzlibraryquotes.code.tex
File: tikzlibraryquotes.code.tex 2020/12/27 v3.1.8b (3.1.8b)
)) (/usr/local/texlive/2020/texmf-dist/tex/generic/pgf/frontendlayer/tikz/libraries/tikzlibrarypositioning.code.tex
File: tikzlibrarypositioning.code.tex 2020/12/27 v3.1.8b (3.1.8b)
) (/usr/local/texlive/2020/texmf-dist/tex/generic/pgf/frontendlayer/tikz/libraries/tikzlibraryfit.code.tex
File: tikzlibraryfit.code.tex 2020/12/27 v3.1.8b (3.1.8b)
) (/usr/local/texlive/2020/texmf-dist/tex/generic/pgf/frontendlayer/tikz/libraries/tikzlibraryshapes.symbols.code.tex
File: tikzlibraryshapes.symbols.code.tex 2020/12/27 v3.1.8b (3.1.8b)
 (/usr/local/texlive/2020/texmf-dist/tex/generic/pgf/libraries/shapes/pgflibraryshapes.symbols.code.tex
File: pgflibraryshapes.symbols.code.tex 2020/12/27 v3.1.8b (3.1.8b)
)) (/usr/local/texlive/2020/texmf-dist/tex/generic/pgf/frontendlayer/tikz/libraries/tikzlibrarydecorations.pathmorphing.code.tex (/usr/local/texlive/2020/texmf-dist/tex/generic/pgf/libraries/decorations/pgflibrarydecorations.pathmorphing.code.tex)) (/usr/local/texlive/2020/texmf-dist/tex/generic/pgf/frontendlayer/tikz/libraries/tikzlibraryshapes.misc.code.tex
File: tikzlibraryshapes.misc.code.tex 2020/12/27 v3.1.8b (3.1.8b)
 (/usr/local/texlive/2020/texmf-dist/tex/generic/pgf/libraries/shapes/pgflibraryshapes.misc.code.tex
File: pgflibraryshapes.misc.code.tex 2020/12/27 v3.1.8b (3.1.8b)
)) (/usr/local/texlive/2020/texmf-dist/tex/generic/pgf/frontendlayer/tikz/libraries/tikzlibrarybackgrounds.code.tex
File: tikzlibrarybackgrounds.code.tex 2020/12/27 v3.1.8b (3.1.8b)
\pgf@layerbox@background=\box84
\pgf@layerboxsaved@background=\box85
) (/usr/local/texlive/2020/texmf-dist/tex/generic/pgf/frontendlayer/tikz/libraries/tikzlibrarymath.code.tex
\tikz@math@for@depth=\count513
\tikz@math@dimen=\dimen361
\tikz@math@toks=\toks58
)
\myl=\skip104
\myh=\skip105
\myd=\skip106
\c@aaa=\count514
) (/usr/local/texlive/2020/texmf-dist/tex/generic/pgf/frontendlayer/tikz/libraries/tikzlibraryshapes.geometric.code.tex
File: tikzlibraryshapes.geometric.code.tex 2020/12/27 v3.1.8b (3.1.8b)
 (/usr/local/texlive/2020/texmf-dist/tex/generic/pgf/libraries/shapes/pgflibraryshapes.geometric.code.tex
File: pgflibraryshapes.geometric.code.tex 2020/12/27 v3.1.8b (3.1.8b)
)) (/usr/local/texlive/2020/texmf-dist/tex/generic/pgf/frontendlayer/tikz/libraries/tikzlibraryarrows.code.tex
File: tikzlibraryarrows.code.tex 2020/12/27 v3.1.8b (3.1.8b)
 (/usr/local/texlive/2020/texmf-dist/tex/generic/pgf/libraries/pgflibraryarrows.code.tex
File: pgflibraryarrows.code.tex 2020/12/27 v3.1.8b (3.1.8b)
\arrowsize=\dimen362
)) (/usr/local/texlive/2020/texmf-dist/tex/generic/pgf/frontendlayer/tikz/libraries/tikzlibrarypatterns.code.tex
File: tikzlibrarypatterns.code.tex 2020/12/27 v3.1.8b (3.1.8b)
 (/usr/local/texlive/2020/texmf-dist/tex/generic/pgf/libraries/pgflibrarypatterns.code.tex
File: pgflibrarypatterns.code.tex 2020/12/27 v3.1.8b (3.1.8b)
))
\c@theorem=\count515
\c@definition=\count516


Package biblatex Warning: 'babel/polyglossia' detected but 'csquotes' missing.
(biblatex)                Loading 'csquotes' recommended.

\@quotelevel=\count517
\@quotereset=\count518
(/Users/Alex/Desktop/bachelor_thesis_QEC/QEC_Latex/main.aux (/Users/Alex/Desktop/bachelor_thesis_QEC/QEC_Latex/Frontmatter/titlepage.aux) (/Users/Alex/Desktop/bachelor_thesis_QEC/QEC_Latex/Frontmatter/introduction.aux) (/Users/Alex/Desktop/bachelor_thesis_QEC/QEC_Latex/Mainmatter/Qubits.aux

LaTeX Warning: Label `tab:not_gate' multiply defined.


LaTeX Warning: Label `tab:my_label' multiply defined.


LaTeX Warning: Label `tab:my_label' multiply defined.

) (/Users/Alex/Desktop/bachelor_thesis_QEC/QEC_Latex/Mainmatter/Density_matrix.aux) (/Users/Alex/Desktop/bachelor_thesis_QEC/QEC_Latex/Mainmatter/Noise_and_enviroment.aux) (/Users/Alex/Desktop/bachelor_thesis_QEC/QEC_Latex/Mainmatter/Three_bit_code.aux) (/Users/Alex/Desktop/bachelor_thesis_QEC/QEC_Latex/Mainmatter/Quantum_code_distance.aux) (/Users/Alex/Desktop/bachelor_thesis_QEC/QEC_Latex/Mainmatter/Fault_tholerant.aux) (/Users/Alex/Desktop/bachelor_thesis_QEC/QEC_Latex/Mainmatter/conclusions.aux) (/Users/Alex/Desktop/bachelor_thesis_QEC/QEC_Latex/Mainmatter/Appendix.aux))
\openout1 = `main.aux'.

LaTeX Font Info:    Checking defaults for OML/cmm/m/it on input line 196.
LaTeX Font Info:    ... okay on input line 196.
LaTeX Font Info:    Checking defaults for OMS/cmsy/m/n on input line 196.
LaTeX Font Info:    ... okay on input line 196.
LaTeX Font Info:    Checking defaults for OT1/cmr/m/n on input line 196.
LaTeX Font Info:    ... okay on input line 196.
LaTeX Font Info:    Checking defaults for T1/cmr/m/n on input line 196.
LaTeX Font Info:    ... okay on input line 196.
LaTeX Font Info:    Checking defaults for TS1/cmr/m/n on input line 196.
LaTeX Font Info:    ... okay on input line 196.
LaTeX Font Info:    Checking defaults for OMX/cmex/m/n on input line 196.
LaTeX Font Info:    ... okay on input line 196.
LaTeX Font Info:    Checking defaults for U/cmr/m/n on input line 196.
LaTeX Font Info:    ... okay on input line 196.
LaTeX Font Info:    Checking defaults for PD1/pdf/m/n on input line 196.
LaTeX Font Info:    ... okay on input line 196.
LaTeX Font Info:    Checking defaults for PU/pdf/m/n on input line 196.
LaTeX Font Info:    ... okay on input line 196.
Package biblatex Info: Trying to load language 'english'...
Package biblatex Info: ... file 'english.lbx' found.
 (/usr/local/texlive/2020/texmf-dist/tex/latex/biblatex/lbx/english.lbx
File: english.lbx 2020/12/31 v3.16 biblatex localization (PK/MW)
)
Package biblatex Info: Input encoding 'utf8' detected.
Package biblatex Info: Automatic encoding selection.
(biblatex)             Assuming data encoding 'utf8'.
Package biblatex Info: Input encoding 'utf8' specified.
Package biblatex Info: Data encoding 'utf8' specified.
(biblatex)             No need to reencode data.
Package biblatex Info: Document encoding is UTF8 ....
Package biblatex Info: ... and expl3
(biblatex)             2021-01-09 L3 programming layer (loader) 
(biblatex)             is new enough (at least 2020/04/06),
(biblatex)             setting 'casechanger=expl3'.
 (/usr/local/texlive/2020/texmf-dist/tex/latex/biblatex/blx-case-expl3.sty
Package: blx-case-expl3 2020/12/31 v3.16 expl3 case changing code for biblatex
)
\openout3 = `main-blx.bib'.

Package biblatex Info: Trying to load bibliographic data...
Package biblatex Info: ... file 'main.bbl' found.
 (/Users/Alex/Desktop/bachelor_thesis_QEC/QEC_Latex/main.bbl

Package biblatex Warning: BibTeX reported the following issues
(biblatex)                with 'Knill_2000':
(biblatex)                - Invalid format of field 'month'.


Package biblatex Warning: BibTeX reported the following issues
(biblatex)                with 'Shorfirst':
(biblatex)                - Invalid format of field 'month'.


Package biblatex Warning: BibTeX reported the following issues
(biblatex)                with 'Kitaev_1997':
(biblatex)                - Invalid format of field 'month'.

)
Package biblatex Info: Reference section=0 on input line 196.
Package biblatex Info: Reference segment=0 on input line 196.
Package hyperref Info: Link coloring ON on input line 196.
 (/usr/local/texlive/2020/texmf-dist/tex/latex/hyperref/nameref.sty
Package: nameref 2019/09/16 v2.46 Cross-referencing by name of section
 (/usr/local/texlive/2020/texmf-dist/tex/latex/refcount/refcount.sty
Package: refcount 2019/12/15 v3.6 Data extraction from label references (HO)
) (/usr/local/texlive/2020/texmf-dist/tex/generic/gettitlestring/gettitlestring.sty
Package: gettitlestring 2019/12/15 v1.6 Cleanup title references (HO)
)
\c@section@level=\count519
)
LaTeX Info: Redefining \ref on input line 196.
LaTeX Info: Redefining \pageref on input line 196.
LaTeX Info: Redefining \nameref on input line 196.
 (/Users/Alex/Desktop/bachelor_thesis_QEC/QEC_Latex/main.out) (/Users/Alex/Desktop/bachelor_thesis_QEC/QEC_Latex/main.out)
\@outlinefile=\write5
\openout5 = `main.out'.

 (/usr/local/texlive/2020/texmf-dist/tex/context/base/mkii/supp-pdf.mkii
[Loading MPS to PDF converter (version 2006.09.02).]
\scratchcounter=\count520
\scratchdimen=\dimen363
\scratchbox=\box86
\nofMPsegments=\count521
\nofMParguments=\count522
\everyMPshowfont=\toks59
\MPscratchCnt=\count523
\MPscratchDim=\dimen364
\MPnumerator=\count524
\makeMPintoPDFobject=\count525
\everyMPtoPDFconversion=\toks60
) (/usr/local/texlive/2020/texmf-dist/tex/latex/epstopdf-pkg/epstopdf-base.sty
Package: epstopdf-base 2020-01-24 v2.11 Base part for package epstopdf
Package epstopdf-base Info: Redefining graphics rule for `.eps' on input line 485.
 (/usr/local/texlive/2020/texmf-dist/tex/latex/latexconfig/epstopdf-sys.cfg
File: epstopdf-sys.cfg 2010/07/13 v1.3 Configuration of (r)epstopdf for TeX Live
)) (/usr/local/texlive/2020/texmf-dist/tex/latex/siunitx/siunitx-abbreviations.cfg
File: siunitx-abbreviations.cfg 2017/11/26 v2.7k siunitx: Abbreviated units
) (/usr/local/texlive/2020/texmf-dist/tex/latex/translator/translator-basic-dictionary-English.dict
Dictionary: translator-basic-dictionary, Language: English 
)
Package caption Info: Begin \AtBeginDocument code.
Package caption Info: listings package is loaded.
Package caption Info: wrapfig package is loaded.
Package caption Info: End \AtBeginDocument code.
\c@lstlisting=\count526

*geometry* driver: auto-detecting
*geometry* detected driver: pdftex
*geometry* verbose mode - [ preamble ] result:
* driver: pdftex
* paper: a4paper
* layout: <same size as paper>
* layoutoffset:(h,v)=(0.0pt,0.0pt)
* modes: twoside 
* h-part:(L,W,R)=(71.70166pt, 418.25368pt, 107.55254pt)
* v-part:(T,H,B)=(101.40665pt, 591.5302pt, 152.11pt)
* \paperwidth=597.50787pt
* \paperheight=845.04684pt
* \textwidth=418.25368pt
* \textheight=591.5302pt
* \oddsidemargin=-0.56833pt
* \evensidemargin=35.28255pt
* \topmargin=-2.73714pt
* \headheight=12.0pt
* \headsep=19.8738pt
* \topskip=11.0pt
* \footskip=27.46295pt
* \marginparwidth=106.0pt
* \marginparsep=7.0pt
* \columnsep=10.0pt
* \skip\footins=10.0pt plus 4.0pt minus 2.0pt
* \hoffset=0.0pt
* \voffset=0.0pt
* \mag=1000
* \@twocolumnfalse
* \@twosidetrue
* \@mparswitchtrue
* \@reversemarginfalse
* (1in=72.27pt=25.4mm, 1cm=28.453pt)

\openout2 = `Frontmatter/titlepage.aux'.

(/Users/Alex/Desktop/bachelor_thesis_QEC/QEC_Latex/Frontmatter/titlepage.tex
*geometry* verbose mode - [ newgeometry ] result:
* driver: pdftex
* paper: a4paper
* layout: <same size as paper>
* layoutoffset:(h,v)=(0.0pt,0.0pt)
* modes: twoside 
* h-part:(L,W,R)=(99.58464pt, 398.3386pt, 99.58464pt)
* v-part:(T,H,B)=(99.58464pt, 645.87756pt, 99.58464pt)
* \paperwidth=597.50787pt
* \paperheight=845.04684pt
* \textwidth=398.3386pt
* \textheight=645.87756pt
* \oddsidemargin=27.31465pt
* \evensidemargin=27.31465pt
* \topmargin=-4.55914pt
* \headheight=12.0pt
* \headsep=19.8738pt
* \topskip=11.0pt
* \footskip=27.46295pt
* \marginparwidth=106.0pt
* \marginparsep=7.0pt
* \columnsep=10.0pt
* \skip\footins=10.0pt plus 4.0pt minus 2.0pt
* \hoffset=0.0pt
* \voffset=0.0pt
* \mag=1000
* \@twocolumnfalse
* \@twosidetrue
* \@mparswitchtrue
* \@reversemarginfalse
* (1in=72.27pt=25.4mm, 1cm=28.453pt)

<Frontmatter/figures//logo_unitn.png, id=115, 1204.5pt x 1204.5pt>
File: Frontmatter/figures//logo_unitn.png Graphic file (type png)
<use Frontmatter/figures//logo_unitn.png>
Package pdftex.def Info: Frontmatter/figures//logo_unitn.png  used on input line 23.
(pdftex.def)             Requested size: 144.53375pt x 144.53375pt.
 [1





{/usr/local/texlive/2020/texmf-var/fonts/map/pdftex/updmap/pdftex.map} </Users/Alex/Desktop/bachelor_thesis_QEC/QEC_Latex/Frontmatter/figures//logo_unitn.png>])
\openout2 = `Frontmatter/introduction.aux'.

 (/Users/Alex/Desktop/bachelor_thesis_QEC/QEC_Latex/Frontmatter/introduction.tex) [2







] (/Users/Alex/Desktop/bachelor_thesis_QEC/QEC_Latex/main.toc)
\tf@toc=\write6
\openout6 = `main.toc'.

 [3] [4

]
\openout2 = `Mainmatter/Qubits.aux'.

 (/Users/Alex/Desktop/bachelor_thesis_QEC/QEC_Latex/Mainmatter/Qubits.tex
Chapter 1.
[1


]
<Mainmatter/images/blochhh.jpg, id=170, 1284.8pt x 937.5025pt>
File: Mainmatter/images/blochhh.jpg Graphic file (type jpg)
<use Mainmatter/images/blochhh.jpg>
Package pdftex.def Info: Mainmatter/images/blochhh.jpg  used on input line 30.
(pdftex.def)             Requested size: 321.19922pt x 234.37505pt.
 [2 </Users/Alex/Desktop/bachelor_thesis_QEC/QEC_Latex/Mainmatter/images/blochhh.jpg>]
Underfull \vbox (badness 2158) has occurred while \output is active []

 [3]

LaTeX Warning: Reference `chap:2' on page 4 undefined on input line 83.

[4]
Overfull \hbox (9.29755pt too wide) detected at line 122
\OML/cmm/m/it/10.95 I \OT1/cmr/m/n/10.95 = []  \OML/cmm/m/it/10.95 ^^[[] \OT1/cmr/m/n/10.95 = \OML/cmm/m/it/10.95 X \OT1/cmr/m/n/10.95 = []  \OML/cmm/m/it/10.95 ^^[[] \OT1/cmr/m/n/10.95 = \OML/cmm/m/it/10.95 Y \OT1/cmr/m/n/10.95 = []  \OML/cmm/m/it/10.95 ^^[[] \OT1/cmr/m/n/10.95 = \OML/cmm/m/it/10.95 Z \OT1/cmr/m/n/10.95 = [] \OML/cmm/m/it/10.95 :
 []


Underfull \vbox (badness 10000) has occurred while \output is active []

 [5]
<Mainmatter/images/XGATE.png, id=195, 113.52649pt x 27.74144pt>
File: Mainmatter/images/XGATE.png Graphic file (type png)
<use Mainmatter/images/XGATE.png>
Package pdftex.def Info: Mainmatter/images/XGATE.png  used on input line 149.
(pdftex.def)             Requested size: 113.5262pt x 27.74136pt.
<Mainmatter/images/ZGATE.png, id=196, 50.36137pt x 27.17238pt>
File: Mainmatter/images/ZGATE.png Graphic file (type png)
<use Mainmatter/images/ZGATE.png>
Package pdftex.def Info: Mainmatter/images/ZGATE.png  used on input line 173.
(pdftex.def)             Requested size: 50.36124pt x 27.17229pt.


LaTeX Warning: `!h' float specifier changed to `!ht'.

[6 </Users/Alex/Desktop/bachelor_thesis_QEC/QEC_Latex/Mainmatter/images/XGATE.png> </Users/Alex/Desktop/bachelor_thesis_QEC/QEC_Latex/Mainmatter/images/ZGATE.png>]
<Mainmatter/images/Phase_shift_gate.png, id=208, 374.39874pt x 183.68625pt>
File: Mainmatter/images/Phase_shift_gate.png Graphic file (type png)
<use Mainmatter/images/Phase_shift_gate.png>
Package pdftex.def Info: Mainmatter/images/Phase_shift_gate.png  used on input line 216.
(pdftex.def)             Requested size: 56.15738pt x 27.55174pt.


LaTeX Warning: `!h' float specifier changed to `!ht'.

[7 </Users/Alex/Desktop/bachelor_thesis_QEC/QEC_Latex/Mainmatter/images/Phase_shift_gate.png>]
<Mainmatter/images/Hadamard_GAte.png, id=218, 44.52856pt x 32.15161pt>
File: Mainmatter/images/Hadamard_GAte.png Graphic file (type png)
<use Mainmatter/images/Hadamard_GAte.png>
Package pdftex.def Info: Mainmatter/images/Hadamard_GAte.png  used on input line 257.
(pdftex.def)             Requested size: 44.52844pt x 32.15152pt.
<Mainmatter/images/CNOT_gate.png, id=219, 57.04778pt x 38.55348pt>
File: Mainmatter/images/CNOT_gate.png Graphic file (type png)
<use Mainmatter/images/CNOT_gate.png>
Package pdftex.def Info: Mainmatter/images/CNOT_gate.png  used on input line 285.
(pdftex.def)             Requested size: 57.04762pt x 38.55338pt.
 [8 </Users/Alex/Desktop/bachelor_thesis_QEC/QEC_Latex/Mainmatter/images/Hadamard_GAte.png>]
<Mainmatter/images/CNOT_entangled.png, id=229, 303.63437pt x 102.3825pt>
File: Mainmatter/images/CNOT_entangled.png Graphic file (type png)
<use Mainmatter/images/CNOT_entangled.png>
Package pdftex.def Info: Mainmatter/images/CNOT_entangled.png  used on input line 317.
(pdftex.def)             Requested size: 151.8168pt x 51.19112pt.
) [9 </Users/Alex/Desktop/bachelor_thesis_QEC/QEC_Latex/Mainmatter/images/CNOT_gate.png> </Users/Alex/Desktop/bachelor_thesis_QEC/QEC_Latex/Mainmatter/images/CNOT_entangled.png>]
\openout2 = `Mainmatter/Density_matrix.aux'.

 (/Users/Alex/Desktop/bachelor_thesis_QEC/QEC_Latex/Mainmatter/Density_matrix.tex
Underfull \vbox (badness 1466) has occurred while \output is active []

 [10



]
Underfull \vbox (badness 10000) has occurred while \output is active []

 [11]
Overfull \hbox (7.77274pt too wide) in paragraph at lines 106--108
\OT1/cmr/m/n/10.95 This sys-tem is then com-posed of single-qubit sub-sys-tem $\OML/cmm/m/it/10.95 A$ \OT1/cmr/m/n/10.95 with ba-sis vec-tors $[] =
 []


Overfull \hbox (4.2139pt too wide) in paragraph at lines 106--108
[]$\OT1/cmr/m/n/10.95 , and single-qubit sub-sys-tem $\OML/cmm/m/it/10.95 B$ \OT1/cmr/m/n/10.95 with ba-sis vec-tors $[] = [] \OML/cmm/m/it/10.95 :$
 []


Overfull \hbox (45.89755pt too wide) detected at line 124
[]
 []


Underfull \vbox (badness 4660) has occurred while \output is active []

 [12]) [13]
\openout2 = `Mainmatter/Noise_and_enviroment.aux'.

 (/Users/Alex/Desktop/bachelor_thesis_QEC/QEC_Latex/Mainmatter/Noise_and_enviroment.tex
Underfull \vbox (badness 1389) has occurred while \output is active []

 [14



]
Underfull \vbox (badness 10000) has occurred while \output is active []

 [15] [16]
<Mainmatter/images/Depolarizing_channel.png, id=302, 651.93562pt x 492.84125pt>
File: Mainmatter/images/Depolarizing_channel.png Graphic file (type png)
<use Mainmatter/images/Depolarizing_channel.png>
Package pdftex.def Info: Mainmatter/images/Depolarizing_channel.png  used on input line 90.
(pdftex.def)             Requested size: 325.96701pt x 246.42001pt.


LaTeX Warning: `!h' float specifier changed to `!ht'.

[17]) [18 </Users/Alex/Desktop/bachelor_thesis_QEC/QEC_Latex/Mainmatter/images/Depolarizing_channel.png>]
\openout2 = `Mainmatter/Three_bit_code.aux'.

 (/Users/Alex/Desktop/bachelor_thesis_QEC/QEC_Latex/Mainmatter/Three_bit_code.tex
Chapter 2.
[19




]
<Mainmatter/images/3bitflipcode.png, id=326, 1008.8892pt x 252.4632pt>
File: Mainmatter/images/3bitflipcode.png Graphic file (type png)
<use Mainmatter/images/3bitflipcode.png>
Package pdftex.def Info: Mainmatter/images/3bitflipcode.png  used on input line 55.
(pdftex.def)             Requested size: 418.25368pt x 104.6624pt.


LaTeX Warning: `!h' float specifier changed to `!ht'.

[20]

LaTeX Warning: `!h' float specifier changed to `!ht'.

[21 </Users/Alex/Desktop/bachelor_thesis_QEC/QEC_Latex/Mainmatter/images/3bitflipcode.png>]
Overfull \hbox (25.56325pt too wide) in paragraph at lines 187--196
 [][] 
 []

<Mainmatter/images/3phaseflipcode.png, id=344, 1303.7508pt x 311.7246pt>
File: Mainmatter/images/3phaseflipcode.png Graphic file (type png)
<use Mainmatter/images/3phaseflipcode.png>
Package pdftex.def Info: Mainmatter/images/3phaseflipcode.png  used on input line 203.
(pdftex.def)             Requested size: 418.25368pt x 100.00124pt.
[22]
Underfull \vbox (badness 1205) has occurred while \output is active []

 [23 </Users/Alex/Desktop/bachelor_thesis_QEC/QEC_Latex/Mainmatter/images/3phaseflipcode.png>]
<Mainmatter/images/fidelity.png, id=361, 2569.6pt x 1977.3875pt>
File: Mainmatter/images/fidelity.png Graphic file (type png)
<use Mainmatter/images/fidelity.png>
Package pdftex.def Info: Mainmatter/images/fidelity.png  used on input line 248.
(pdftex.def)             Requested size: 179.89038pt x 138.43126pt.


LaTeX Warning: `!h' float specifier changed to `!ht'.


Underfull \vbox (badness 10000) has occurred while \output is active []

 [24] [25 </Users/Alex/Desktop/bachelor_thesis_QEC/QEC_Latex/Mainmatter/images/fidelity.png>]
<Mainmatter/images/Measure_just_after.png, id=386, 505.89pt x 361.35pt>
File: Mainmatter/images/Measure_just_after.png Graphic file (type png)
<use Mainmatter/images/Measure_just_after.png>
Package pdftex.def Info: Mainmatter/images/Measure_just_after.png  used on input line 278.
(pdftex.def)             Requested size: 354.12057pt x 252.94327pt.
 [26 </Users/Alex/Desktop/bachelor_thesis_QEC/QEC_Latex/Mainmatter/images/Measure_just_after.png>]
<Mainmatter/images/outcome3bitflip.png, id=396, 1040.688pt x 624.4128pt>
File: Mainmatter/images/outcome3bitflip.png Graphic file (type png)
<use Mainmatter/images/outcome3bitflip.png>
Package pdftex.def Info: Mainmatter/images/outcome3bitflip.png  used on input line 287.
(pdftex.def)             Requested size: 418.25368pt x 250.95166pt.
 [27 </Users/Alex/Desktop/bachelor_thesis_QEC/QEC_Latex/Mainmatter/images/outcome3bitflip.png>]
<Mainmatter/images/Result_phase_justafter.png, id=409, 505.89pt x 361.35pt>
File: Mainmatter/images/Result_phase_justafter.png Graphic file (type png)
<use Mainmatter/images/Result_phase_justafter.png>
Package pdftex.def Info: Mainmatter/images/Result_phase_justafter.png  used on input line 305.
(pdftex.def)             Requested size: 204.9466pt x 146.39006pt.
<Mainmatter/images/3Phase_Results.png, id=410, 1040.688pt x 624.4128pt>
File: Mainmatter/images/3Phase_Results.png Graphic file (type png)
<use Mainmatter/images/3Phase_Results.png>
Package pdftex.def Info: Mainmatter/images/3Phase_Results.png  used on input line 311.
(pdftex.def)             Requested size: 250.95476pt x 150.56718pt.

Overfull \hbox (61.00845pt too wide) in paragraph at lines 304--315
[][]   [] 
 []


Underfull \vbox (badness 10000) has occurred while \output is active []

 [28 </Users/Alex/Desktop/bachelor_thesis_QEC/QEC_Latex/Mainmatter/images/Result_phase_justafter.png> </Users/Alex/Desktop/bachelor_thesis_QEC/QEC_Latex/Mainmatter/images/3Phase_Results.png>] [29]
Underfull \vbox (badness 1226) has occurred while \output is active []

 [30] [31]
<Mainmatter/images/Syndrome_measurement_stabilizer_code.png, id=448, 496.35437pt x 200.24812pt>
File: Mainmatter/images/Syndrome_measurement_stabilizer_code.png Graphic file (type png)
<use Mainmatter/images/Syndrome_measurement_stabilizer_code.png>
Package pdftex.def Info: Mainmatter/images/Syndrome_measurement_stabilizer_code.png  used on input line 460.
(pdftex.def)             Requested size: 248.17657pt x 100.12381pt.
 [32 </Users/Alex/Desktop/bachelor_thesis_QEC/QEC_Latex/Mainmatter/images/Syndrome_measurement_stabilizer_code.png>]
<Mainmatter/images/General_stab_Code.png, id=459, 825.58438pt x 379.4175pt>
File: Mainmatter/images/General_stab_Code.png Graphic file (type png)
<use Mainmatter/images/General_stab_Code.png>
Package pdftex.def Info: Mainmatter/images/General_stab_Code.png  used on input line 481.
(pdftex.def)             Requested size: 418.25368pt x 192.22089pt.
 [33 </Users/Alex/Desktop/bachelor_thesis_QEC/QEC_Latex/Mainmatter/images/General_stab_Code.png>] [34]

Package hyperref Warning: Token not allowed in a PDF string (Unicode):
(hyperref)                removing `math shift' on input line 557.


Package hyperref Warning: Token not allowed in a PDF string (Unicode):
(hyperref)                removing `math shift' on input line 557.


Underfull \vbox (badness 2726) has occurred while \output is active []

 [35]
<Mainmatter/images/Shor_enc.png, id=486, 313.6518pt x 450.9648pt>
File: Mainmatter/images/Shor_enc.png Graphic file (type png)
<use Mainmatter/images/Shor_enc.png>
Package pdftex.def Info: Mainmatter/images/Shor_enc.png  used on input line 583.
(pdftex.def)             Requested size: 188.19252pt x 270.58095pt.


LaTeX Warning: `!h' float specifier changed to `!ht'.


Underfull \vbox (badness 5578) has occurred while \output is active []

 [36]

LaTeX Warning: `h' float specifier changed to `ht'.


Underfull \vbox (badness 1406) has occurred while \output is active []

 [37 </Users/Alex/Desktop/bachelor_thesis_QEC/QEC_Latex/Mainmatter/images/Shor_enc.png>]
Underfull \vbox (badness 10000) has occurred while \output is active []

 [38] [39]
Underfull \vbox (badness 10000) has occurred while \output is active []

 [40]
<Mainmatter/images/Encoding_Seven.png, id=525, 545.8794pt x 357.9774pt>
File: Mainmatter/images/Encoding_Seven.png Graphic file (type png)
<use Mainmatter/images/Encoding_Seven.png>
Package pdftex.def Info: Mainmatter/images/Encoding_Seven.png  used on input line 754.
(pdftex.def)             Requested size: 272.93903pt x 178.98825pt.


LaTeX Warning: `!h' float specifier changed to `!ht'.

[41]
<Mainmatter/images/7qubit_Xerrors.png, id=534, 1040.688pt x 624.4128pt>
File: Mainmatter/images/7qubit_Xerrors.png Graphic file (type png)
<use Mainmatter/images/7qubit_Xerrors.png>
Package pdftex.def Info: Mainmatter/images/7qubit_Xerrors.png  used on input line 772.
(pdftex.def)             Requested size: 418.25368pt x 250.95166pt.


LaTeX Warning: `!h' float specifier changed to `!ht'.


Underfull \vbox (badness 1796) has occurred while \output is active []

 [42 </Users/Alex/Desktop/bachelor_thesis_QEC/QEC_Latex/Mainmatter/images/Encoding_Seven.png>] [43 </Users/Alex/Desktop/bachelor_thesis_QEC/QEC_Latex/Mainmatter/images/7qubit_Xerrors.png>]
<Mainmatter/images/hamming_bound.png, id=551, 579.16376pt x 388.45125pt>
File: Mainmatter/images/hamming_bound.png Graphic file (type png)
<use Mainmatter/images/hamming_bound.png>
Package pdftex.def Info: Mainmatter/images/hamming_bound.png  used on input line 823.
(pdftex.def)             Requested size: 405.41187pt x 271.914pt.


LaTeX Warning: `!h' float specifier changed to `!ht'.

) [44] [45 </Users/Alex/Desktop/bachelor_thesis_QEC/QEC_Latex/Mainmatter/images/hamming_bound.png>]
\openout2 = `Mainmatter/Quantum_code_distance.aux'.

 (/Users/Alex/Desktop/bachelor_thesis_QEC/QEC_Latex/Mainmatter/Quantum_code_distance.tex)
\openout2 = `Mainmatter/Fault_tholerant.aux'.

 (/Users/Alex/Desktop/bachelor_thesis_QEC/QEC_Latex/Mainmatter/Fault_tholerant.tex [46







]
Chapter 3.
[47]
<Mainmatter/images/XCNOT.png, id=577, 328.22626pt x 191.71625pt>
File: Mainmatter/images/XCNOT.png Graphic file (type png)
<use Mainmatter/images/XCNOT.png>
Package pdftex.def Info: Mainmatter/images/XCNOT.png  used on input line 34.
(pdftex.def)             Requested size: 164.11272pt x 95.85788pt.
<Mainmatter/images/ZCNOT.png, id=579, 340.27126pt x 210.7875pt>
File: Mainmatter/images/ZCNOT.png Graphic file (type png)
<use Mainmatter/images/ZCNOT.png>
Package pdftex.def Info: Mainmatter/images/ZCNOT.png  used on input line 43.
(pdftex.def)             Requested size: 170.13521pt x 105.3935pt.
 [48 </Users/Alex/Desktop/bachelor_thesis_QEC/QEC_Latex/Mainmatter/images/XCNOT.png> </Users/Alex/Desktop/bachelor_thesis_QEC/QEC_Latex/Mainmatter/images/ZCNOT.png>] [49]
<Mainmatter/images/LogicalHadamard.png, id=599, 585.18625pt x 420.57124pt>
File: Mainmatter/images/LogicalHadamard.png Graphic file (type png)
<use Mainmatter/images/LogicalHadamard.png>
Package pdftex.def Info: Mainmatter/images/LogicalHadamard.png  used on input line 103.
(pdftex.def)             Requested size: 292.5924pt x 210.28511pt.
 [50 </Users/Alex/Desktop/bachelor_thesis_QEC/QEC_Latex/Mainmatter/images/LogicalHadamard.png>]
<Mainmatter/images/Transversal_CNOT.png, id=609, 604.2575pt x 428.09938pt>
File: Mainmatter/images/Transversal_CNOT.png Graphic file (type png)
<use Mainmatter/images/Transversal_CNOT.png>
Package pdftex.def Info: Mainmatter/images/Transversal_CNOT.png  used on input line 140.
(pdftex.def)             Requested size: 302.128pt x 214.04916pt.


LaTeX Warning: `!h' float specifier changed to `!ht'.

[51]
<Mainmatter/images/teleportation_fault.png, id=620, 931.98187pt x 193.72375pt>
File: Mainmatter/images/teleportation_fault.png Graphic file (type png)
<use Mainmatter/images/teleportation_fault.png>
Package pdftex.def Info: Mainmatter/images/teleportation_fault.png  used on input line 174.
(pdftex.def)             Requested size: 418.25368pt x 86.93839pt.
 [52 </Users/Alex/Desktop/bachelor_thesis_QEC/QEC_Latex/Mainmatter/images/Transversal_CNOT.png> </Users/Alex/Desktop/bachelor_thesis_QEC/QEC_Latex/Mainmatter/images/teleportation_fault.png>]
Underfull \vbox (badness 5036) has occurred while \output is active []

 [53]
<Mainmatter/images/concatenation.png, id=637, 851.18pt x 600.2425pt>
File: Mainmatter/images/concatenation.png Graphic file (type png)
<use Mainmatter/images/concatenation.png>
Package pdftex.def Info: Mainmatter/images/concatenation.png  used on input line 239.
(pdftex.def)             Requested size: 425.58894pt x 300.12051pt.

Overfull \hbox (7.33527pt too wide) in paragraph at lines 239--240
 [][] 
 []


LaTeX Warning: `!h' float specifier changed to `!ht'.

[54]
Underfull \vbox (badness 5417) has occurred while \output is active []

 [55 </Users/Alex/Desktop/bachelor_thesis_QEC/QEC_Latex/Mainmatter/images/concatenation.png>]
Underfull \vbox (badness 6063) has occurred while \output is active []

 [56]

LaTeX Warning: Reference `eq:plesscp' on page 57 undefined on input line 300.

) [57]
\openout2 = `Mainmatter/conclusions.aux'.

 (/Users/Alex/Desktop/bachelor_thesis_QEC/QEC_Latex/Mainmatter/conclusions.tex [58




]
Chapter 4.
[59]) [60] [61



]
\openout2 = `Mainmatter/Appendix.aux'.

 (/Users/Alex/Desktop/bachelor_thesis_QEC/QEC_Latex/Mainmatter/Appendix.tex [62

]
<Mainmatter/images/teleportation-circuit.png, id=694, 543.02875pt x 252.945pt>
File: Mainmatter/images/teleportation-circuit.png Graphic file (type png)
<use Mainmatter/images/teleportation-circuit.png>
Package pdftex.def Info: Mainmatter/images/teleportation-circuit.png  used on input line 49.
(pdftex.def)             Requested size: 418.25368pt x 194.83386pt.
) [63 </Users/Alex/Desktop/bachelor_thesis_QEC/QEC_Latex/Mainmatter/images/teleportation-circuit.png>] [64



]
/Users/Alex/Desktop/bachelor_thesis_QEC/QEC_Latex/main.tex:221: Misplaced alignment tab character &.
&->&
    
l.221 \end
          {document}
I can't figure out why you would want to use a tab mark
here. If you just want an ampersand, the remedy is
simple: Just type `I\&' now. But if some right brace
up above has ended a previous alignment prematurely,
you're probably due for more error messages, and you
might try typing `S' now just to see what is salvageable.


Overfull \hbox (8.71942pt too wide) in paragraph at lines 221--221
[]\OT1/cmr/m/n/10.95 Daniel Gottes-man. \OT1/cmr/m/it/10.95 An In-tro-duc-tion to Quan-tum Er-ror Cor-rec-tion and Fault-Tolerant
 []

[65]
Overfull \hbox (72.90553pt too wide) in paragraph at lines 221--221
\OT1/cmr/m/it/10.95 sian Math-e-mat-i-cal Sur-veys \OT1/cmr/m/n/10.95 52.6 (1997), pp. 1191{1249. \OT1/cmr/m/sc/10.95 doi\OT1/cmr/m/n/10.95 : [][]$\OT1/cmtt/m/n/10.95 10 . 1070 / rm1997v052n06abeh002155$[][]\OT1/cmr/m/n/10.95 .
 []

[66] (/Users/Alex/Desktop/bachelor_thesis_QEC/QEC_Latex/main.aux (/Users/Alex/Desktop/bachelor_thesis_QEC/QEC_Latex/Frontmatter/titlepage.aux) (/Users/Alex/Desktop/bachelor_thesis_QEC/QEC_Latex/Frontmatter/introduction.aux) (/Users/Alex/Desktop/bachelor_thesis_QEC/QEC_Latex/Mainmatter/Qubits.aux) (/Users/Alex/Desktop/bachelor_thesis_QEC/QEC_Latex/Mainmatter/Density_matrix.aux) (/Users/Alex/Desktop/bachelor_thesis_QEC/QEC_Latex/Mainmatter/Noise_and_enviroment.aux) (/Users/Alex/Desktop/bachelor_thesis_QEC/QEC_Latex/Mainmatter/Three_bit_code.aux) (/Users/Alex/Desktop/bachelor_thesis_QEC/QEC_Latex/Mainmatter/Quantum_code_distance.aux) (/Users/Alex/Desktop/bachelor_thesis_QEC/QEC_Latex/Mainmatter/Fault_tholerant.aux) (/Users/Alex/Desktop/bachelor_thesis_QEC/QEC_Latex/Mainmatter/conclusions.aux) (/Users/Alex/Desktop/bachelor_thesis_QEC/QEC_Latex/Mainmatter/Appendix.aux))

LaTeX Warning: There were undefined references.


LaTeX Warning: There were multiply-defined labels.

Package rerunfilecheck Info: File `main.out' has not changed.
(rerunfilecheck)             Checksum: B5A02026C8F5797548CF92D308BEA010;4179.

Package biblatex Warning: Please rerun LaTeX.

Package logreq Info: Writing requests to 'main.run.xml'.
\openout1 = `main.run.xml'.

 ) 
Here is how much of TeX's memory you used:
 53998 strings out of 479304
 1201269 string characters out of 5867281
 2114060 words of memory out of 5000000
 70137 multiletter control sequences out of 15000+600000
 425256 words of font info for 110 fonts, out of 8000000 for 9000
 1141 hyphenation exceptions out of 8191
 128i,17n,130p,1901b,1922s stack positions out of 5000i,500n,10000p,200000b,80000s
{/usr/local/texlive/2020/texmf-dist/fonts/enc/dvips/cm-super/cm-super-ts1.enc}</usr/local/texlive/2020/texmf-dist/fonts/type1/public/amsfonts/cm/cmbx10.pfb></usr/local/texlive/2020/texmf-dist/fonts/type1/public/amsfonts/cm/cmbx12.pfb></usr/local/texlive/2020/texmf-dist/fonts/type1/public/amsfonts/cm/cmcsc10.pfb></usr/local/texlive/2020/texmf-dist/fonts/type1/public/amsfonts/cm/cmex10.pfb></usr/local/texlive/2020/texmf-dist/fonts/type1/public/amsfonts/cmextra/cmex8.pfb></usr/local/texlive/2020/texmf-dist/fonts/type1/public/amsfonts/cmextra/cmex9.pfb></usr/local/texlive/2020/texmf-dist/fonts/type1/public/amsfonts/cm/cmmi10.pfb></usr/local/texlive/2020/texmf-dist/fonts/type1/public/amsfonts/cm/cmmi12.pfb></usr/local/texlive/2020/texmf-dist/fonts/type1/public/amsfonts/cm/cmmi6.pfb></usr/local/texlive/2020/texmf-dist/fonts/type1/public/amsfonts/cm/cmmi7.pfb></usr/local/texlive/2020/texmf-dist/fonts/type1/public/amsfonts/cm/cmmi8.pfb></usr/local/texlive/2020/texmf-dist/fonts/type1/public/amsfonts/cm/cmmi9.pfb></usr/local/texlive/2020/texmf-dist/fonts/type1/public/amsfonts/cm/cmr10.pfb></usr/local/texlive/2020/texmf-dist/fonts/type1/public/amsfonts/cm/cmr12.pfb></usr/local/texlive/2020/texmf-dist/fonts/type1/public/amsfonts/cm/cmr6.pfb></usr/local/texlive/2020/texmf-dist/fonts/type1/public/amsfonts/cm/cmr7.pfb></usr/local/texlive/2020/texmf-dist/fonts/type1/public/amsfonts/cm/cmr8.pfb></usr/local/texlive/2020/texmf-dist/fonts/type1/public/amsfonts/cm/cmr9.pfb></usr/local/texlive/2020/texmf-dist/fonts/type1/public/amsfonts/cm/cmsl10.pfb></usr/local/texlive/2020/texmf-dist/fonts/type1/public/amsfonts/cm/cmsy10.pfb></usr/local/texlive/2020/texmf-dist/fonts/type1/public/amsfonts/cm/cmsy6.pfb></usr/local/texlive/2020/texmf-dist/fonts/type1/public/amsfonts/cm/cmsy8.pfb></usr/local/texlive/2020/texmf-dist/fonts/type1/public/amsfonts/cm/cmsy9.pfb></usr/local/texlive/2020/texmf-dist/fonts/type1/public/amsfonts/cm/cmti10.pfb></usr/local/texlive/2020/texmf-dist/fonts/type1/public/amsfonts/cm/cmtt10.pfb></usr/local/texlive/2020/texmf-dist/fonts/type1/public/amsfonts/symbols/msam10.pfb></usr/local/texlive/2020/texmf-dist/fonts/type1/public/amsfonts/symbols/msbm10.pfb></usr/local/texlive/2020/texmf-dist/fonts/type1/public/cm-super/sfrm1095.pfb>
Output written on /Users/Alex/Desktop/bachelor_thesis_QEC/QEC_Latex/main.pdf (70 pages, 1986130 bytes).
PDF statistics:
 882 PDF objects out of 1000 (max. 8388607)
 701 compressed objects within 8 object streams
 199 named destinations out of 1000 (max. 500000)
 422 words of extra memory for PDF output out of 10000 (max. 10000000)

